{"C:\\Users\\Bennett\\Documents\\GitHub\\Miku-DiscordMusicBot\\built\\guildHandler\\Components\\Data\\Settings\\AudioSettings.js":{"path":"C:\\Users\\Bennett\\Documents\\GitHub\\Miku-DiscordMusicBot\\built\\guildHandler\\Components\\Data\\Settings\\AudioSettings.js","statementMap":{"0":{"start":{"line":2,"column":22},"end":{"line":4,"column":1}},"1":{"start":{"line":3,"column":4},"end":{"line":3,"column":62}},"2":{"start":{"line":5,"column":0},"end":{"line":5,"column":62}},"3":{"start":{"line":6,"column":15},"end":{"line":6,"column":49}},"4":{"start":{"line":7,"column":20},"end":{"line":7,"column":51}},"5":{"start":{"line":13,"column":35},"end":{"line":90,"column":3}},"6":{"start":{"line":18,"column":8},"end":{"line":18,"column":45}},"7":{"start":{"line":20,"column":8},"end":{"line":20,"column":85}},"8":{"start":{"line":21,"column":8},"end":{"line":21,"column":79}},"9":{"start":{"line":23,"column":8},"end":{"line":27,"column":9}},"10":{"start":{"line":24,"column":12},"end":{"line":24,"column":50}},"11":{"start":{"line":25,"column":12},"end":{"line":25,"column":49}},"12":{"start":{"line":26,"column":12},"end":{"line":26,"column":19}},"13":{"start":{"line":28,"column":8},"end":{"line":28,"column":59}},"14":{"start":{"line":29,"column":8},"end":{"line":29,"column":53}},"15":{"start":{"line":35,"column":4},"end":{"line":40,"column":6}},"16":{"start":{"line":37,"column":8},"end":{"line":37,"column":53}},"17":{"start":{"line":38,"column":8},"end":{"line":38,"column":46}},"18":{"start":{"line":39,"column":8},"end":{"line":39,"column":45}},"19":{"start":{"line":45,"column":4},"end":{"line":50,"column":6}},"20":{"start":{"line":47,"column":8},"end":{"line":47,"column":44}},"21":{"start":{"line":48,"column":8},"end":{"line":48,"column":46}},"22":{"start":{"line":49,"column":8},"end":{"line":49,"column":45}},"23":{"start":{"line":55,"column":4},"end":{"line":57,"column":6}},"24":{"start":{"line":56,"column":8},"end":{"line":56,"column":68}},"25":{"start":{"line":58,"column":4},"end":{"line":63,"column":7}},"26":{"start":{"line":60,"column":27},"end":{"line":60,"column":59}},"27":{"start":{"line":64,"column":4},"end":{"line":68,"column":7}},"28":{"start":{"line":65,"column":27},"end":{"line":65,"column":61}},"29":{"start":{"line":69,"column":4},"end":{"line":73,"column":7}},"30":{"start":{"line":70,"column":27},"end":{"line":70,"column":64}},"31":{"start":{"line":74,"column":4},"end":{"line":78,"column":7}},"32":{"start":{"line":75,"column":27},"end":{"line":75,"column":64}},"33":{"start":{"line":79,"column":4},"end":{"line":83,"column":7}},"34":{"start":{"line":80,"column":27},"end":{"line":80,"column":56}},"35":{"start":{"line":84,"column":4},"end":{"line":88,"column":7}},"36":{"start":{"line":85,"column":27},"end":{"line":85,"column":54}},"37":{"start":{"line":89,"column":4},"end":{"line":89,"column":25}},"38":{"start":{"line":91,"column":0},"end":{"line":91,"column":32}}},"fnMap":{"0":{"name":"(anonymous_0)","decl":{"start":{"line":2,"column":56},"end":{"line":2,"column":57}},"loc":{"start":{"line":2,"column":71},"end":{"line":4,"column":1}},"line":2},"1":{"name":"(anonymous_1)","decl":{"start":{"line":13,"column":35},"end":{"line":13,"column":36}},"loc":{"start":{"line":13,"column":47},"end":{"line":90,"column":1}},"line":13},"2":{"name":"AudioSettings","decl":{"start":{"line":17,"column":13},"end":{"line":17,"column":26}},"loc":{"start":{"line":17,"column":37},"end":{"line":30,"column":5}},"line":17},"3":{"name":"(anonymous_3)","decl":{"start":{"line":35,"column":42},"end":{"line":35,"column":43}},"loc":{"start":{"line":35,"column":62},"end":{"line":40,"column":5}},"line":35},"4":{"name":"(anonymous_4)","decl":{"start":{"line":45,"column":36},"end":{"line":45,"column":37}},"loc":{"start":{"line":45,"column":50},"end":{"line":50,"column":5}},"line":45},"5":{"name":"(anonymous_5)","decl":{"start":{"line":55,"column":37},"end":{"line":55,"column":38}},"loc":{"start":{"line":55,"column":49},"end":{"line":57,"column":5}},"line":55},"6":{"name":"(anonymous_6)","decl":{"start":{"line":60,"column":13},"end":{"line":60,"column":14}},"loc":{"start":{"line":60,"column":25},"end":{"line":60,"column":61}},"line":60},"7":{"name":"(anonymous_7)","decl":{"start":{"line":65,"column":13},"end":{"line":65,"column":14}},"loc":{"start":{"line":65,"column":25},"end":{"line":65,"column":63}},"line":65},"8":{"name":"(anonymous_8)","decl":{"start":{"line":70,"column":13},"end":{"line":70,"column":14}},"loc":{"start":{"line":70,"column":25},"end":{"line":70,"column":66}},"line":70},"9":{"name":"(anonymous_9)","decl":{"start":{"line":75,"column":13},"end":{"line":75,"column":14}},"loc":{"start":{"line":75,"column":25},"end":{"line":75,"column":66}},"line":75},"10":{"name":"(anonymous_10)","decl":{"start":{"line":80,"column":13},"end":{"line":80,"column":14}},"loc":{"start":{"line":80,"column":25},"end":{"line":80,"column":58}},"line":80},"11":{"name":"(anonymous_11)","decl":{"start":{"line":85,"column":13},"end":{"line":85,"column":14}},"loc":{"start":{"line":85,"column":25},"end":{"line":85,"column":56}},"line":85}},"branchMap":{"0":{"loc":{"start":{"line":2,"column":22},"end":{"line":4,"column":1}},"type":"binary-expr","locations":[{"start":{"line":2,"column":23},"end":{"line":2,"column":27}},{"start":{"line":2,"column":31},"end":{"line":2,"column":51}},{"start":{"line":2,"column":56},"end":{"line":4,"column":1}}],"line":2},"1":{"loc":{"start":{"line":3,"column":11},"end":{"line":3,"column":61}},"type":"cond-expr","locations":[{"start":{"line":3,"column":37},"end":{"line":3,"column":40}},{"start":{"line":3,"column":43},"end":{"line":3,"column":61}}],"line":3},"2":{"loc":{"start":{"line":3,"column":12},"end":{"line":3,"column":33}},"type":"binary-expr","locations":[{"start":{"line":3,"column":12},"end":{"line":3,"column":15}},{"start":{"line":3,"column":19},"end":{"line":3,"column":33}}],"line":3},"3":{"loc":{"start":{"line":23,"column":8},"end":{"line":27,"column":9}},"type":"if","locations":[{"start":{"line":23,"column":8},"end":{"line":27,"column":9}},{"start":{"line":23,"column":8},"end":{"line":27,"column":9}}],"line":23}},"s":{"0":1,"1":1,"2":1,"3":1,"4":1,"5":1,"6":6,"7":6,"8":6,"9":6,"10":1,"11":1,"12":1,"13":5,"14":5,"15":1,"16":0,"17":0,"18":0,"19":1,"20":0,"21":0,"22":0,"23":1,"24":0,"25":1,"26":3,"27":1,"28":3,"29":1,"30":3,"31":1,"32":3,"33":1,"34":3,"35":1,"36":3,"37":1,"38":1},"f":{"0":1,"1":1,"2":6,"3":0,"4":0,"5":0,"6":3,"7":3,"8":3,"9":3,"10":3,"11":3},"b":{"0":[1,1,1],"1":[0,1],"2":[1,1],"3":[1,5]},"inputSourceMap":{"version":3,"file":"AudioSettings.js","sourceRoot":"","sources":["../../../../../src/guildHandler/Components/Data/Settings/AudioSettings.ts"],"names":[],"mappings":";;;;;AAAA,kDAAkC;AAGlC,oDAAwF;AAOxF;;;;GAIG;AACH;IAKC;;OAEG;IACH,uBAAY,QAA+C;QAC1D,IAAI,CAAC,MAAM,GAAG,IAAI,gBAAY,EAA8B,CAAC;QAC7D,qBAAqB;QACrB,IAAI,CAAC,cAAc,GAAG,MAAM,CAAC,MAAM,CAAC,EAAE,EAAE,2BAAa,CAAC,OAAO,CAAC,CAAC;QAC/D,IAAI,CAAC,WAAW,GAAG,MAAM,CAAC,MAAM,CAAC,EAAE,EAAE,wBAAU,CAAC,OAAO,CAAC,CAAC;QAEzD,iBAAiB;QACjB,IAAI,CAAC,QAAQ,EAAE;YACd,IAAI,CAAC,MAAM,CAAC,IAAI,CAAC,aAAa,EAAE,IAAI,CAAC,CAAC;YACtC,IAAI,CAAC,MAAM,CAAC,IAAI,CAAC,kBAAkB,CAAC,CAAC;YACrC,OAAO;SACP;QACD,MAAM,CAAC,MAAM,CAAC,IAAI,CAAC,cAAc,EAAE,QAAQ,CAAC,KAAK,CAAC,CAAC;QACnD,MAAM,CAAC,MAAM,CAAC,IAAI,CAAC,WAAW,EAAE,QAAQ,CAAC,EAAE,CAAC,CAAC;IAC9C,CAAC;IAED;;;OAGG;IACH,mCAAW,GAAX,UAAY,QAAqB;QAChC,uEAAuE;QACvE,MAAM,CAAC,MAAM,CAAC,IAAI,CAAC,cAAc,EAAE,QAAQ,CAAC,CAAC;QAC7C,IAAI,CAAC,MAAM,CAAC,IAAI,CAAC,aAAa,EAAE,IAAI,CAAC,CAAC;QACtC,IAAI,CAAC,MAAM,CAAC,IAAI,CAAC,kBAAkB,CAAC,CAAC;IACtC,CAAC;IAED;;;OAGG;IACH,6BAAK,GAAL,UAAM,EAAY;QACjB,wEAAwE;QACxE,MAAM,CAAC,MAAM,CAAC,IAAI,CAAC,WAAW,EAAE,EAAE,CAAC,CAAC;QACpC,IAAI,CAAC,MAAM,CAAC,IAAI,CAAC,aAAa,EAAE,IAAI,CAAC,CAAC;QACtC,IAAI,CAAC,MAAM,CAAC,IAAI,CAAC,kBAAkB,CAAC,CAAC;IACtC,CAAC;IAED;;;OAGG;IACH,8BAAM,GAAN;QACC,OAAO,EAAE,KAAK,EAAE,IAAI,CAAC,cAAc,EAAE,EAAE,EAAE,IAAI,CAAC,WAAW,EAAE,CAAC;IAC7D,CAAC;IAGD,sBAAI,+BAAI;QADR,UAAU;aACV,cAAa,OAAO,IAAI,CAAC,cAAc,CAAC,IAAI,CAAC,CAAC,CAAC;;;OAAA;IAC/C,sBAAI,iCAAM;aAAV,cAAe,OAAO,IAAI,CAAC,cAAc,CAAC,MAAM,CAAC,CAAC,CAAC;;;OAAA;IACnD,sBAAI,oCAAS;aAAb,cAAkB,OAAO,IAAI,CAAC,cAAc,CAAC,SAAS,CAAC,CAAC,CAAC;;;OAAA;IACzD,sBAAI,oCAAS;aAAb,cAAkB,OAAO,IAAI,CAAC,cAAc,CAAC,SAAS,CAAC,CAAC,CAAC;;;OAAA;IACzD,sBAAI,iCAAM;aAAV,cAAe,OAAO,IAAI,CAAC,WAAW,CAAC,IAAI,CAAC,CAAC,CAAC;;;OAAA;IAC9C,sBAAI,6BAAE;aAAN,cAAW,OAAO,IAAI,CAAC,WAAW,CAAC,EAAE,CAAC,CAAC,CAAC;;;OAAA;IACzC,oBAAC;AAAD,CAAC,AA7DD,IA6DC"},"_coverageSchema":"1a1c01bbd47fc00a2c39e90264f33305004495a9","hash":"5f5188a741461edfe5f0a2413f6ff329cc511bd4"},"C:\\Users\\Bennett\\Documents\\GitHub\\Miku-DiscordMusicBot\\built\\guildHandler\\Components\\Data\\Settings\\config\\audioConfig.js":{"path":"C:\\Users\\Bennett\\Documents\\GitHub\\Miku-DiscordMusicBot\\built\\guildHandler\\Components\\Data\\Settings\\config\\audioConfig.js","statementMap":{"0":{"start":{"line":2,"column":0},"end":{"line":2,"column":62}},"1":{"start":{"line":3,"column":0},"end":{"line":3,"column":52}},"2":{"start":{"line":4,"column":19},"end":{"line":9,"column":1}},"3":{"start":{"line":11,"column":16},"end":{"line":16,"column":1}},"4":{"start":{"line":17,"column":16},"end":{"line":22,"column":1}},"5":{"start":{"line":24,"column":16},"end":{"line":29,"column":1}},"6":{"start":{"line":31,"column":0},"end":{"line":34,"column":3}},"7":{"start":{"line":35,"column":0},"end":{"line":38,"column":3}}},"fnMap":{},"branchMap":{},"s":{"0":1,"1":1,"2":1,"3":1,"4":1,"5":1,"6":1,"7":1},"f":{},"b":{},"inputSourceMap":{"version":3,"file":"audioConfig.js","sourceRoot":"","sources":["../../../../../../src/guildHandler/Components/Data/Settings/config/audioConfig.ts"],"names":[],"mappings":";;;AAOA,IAAM,YAAY,GAAG;IACpB,IAAI,EAAE,SAAS;IACf,MAAM,EAAE,CAAC;IACT,SAAS,EAAE,IAAI;IACf,SAAS,EAAE,KAAK;CAChB,CAAC;AACF,wCAAwC;AACxC,IAAM,SAAS,GAAG;IACjB,IAAI,EAAE,WAAW;IACjB,MAAM,EAAE,CAAC;IACT,SAAS,EAAE,IAAI;IACf,SAAS,EAAE,IAAI;CACf,CAAC;AAWF,IAAM,SAAS,GAAa;IAC3B,IAAI,EAAE,SAAS;IACf,EAAE,EAAE;QACH,EAAE;KACF;CACD,CAAC;AACF,2BAA2B;AAC3B,IAAM,SAAS,GAAa;IAC3B,IAAI,EAAE,YAAY;IAClB,EAAE,EAAE,CAAC;QACJ,QAAQ;SACR,CAAC;CACF,CAAC;AAEF,iBAAiB;AACJ,QAAA,aAAa,GAAG,MAAM,CAAC,MAAM,CAAC;IAC1C,OAAO,EAAE,YAAY;IACrB,SAAS,EAAE,SAAS;CACpB,CAAC,CAAC;AACU,QAAA,UAAU,GAAG,MAAM,CAAC,MAAM,CAAC;IACvC,OAAO,EAAE,SAAS;IAClB,SAAS,EAAE,SAAS;CACpB,CAAC,CAAC"},"_coverageSchema":"1a1c01bbd47fc00a2c39e90264f33305004495a9","hash":"d082cd3e0cfbfcc66ec23c12a00a301214960b8b"},"C:\\Users\\Bennett\\Documents\\GitHub\\Miku-DiscordMusicBot\\built\\guildHandler\\config.js":{"path":"C:\\Users\\Bennett\\Documents\\GitHub\\Miku-DiscordMusicBot\\built\\guildHandler\\config.js","statementMap":{"0":{"start":{"line":2,"column":22},"end":{"line":4,"column":1}},"1":{"start":{"line":3,"column":4},"end":{"line":3,"column":62}},"2":{"start":{"line":5,"column":0},"end":{"line":5,"column":62}},"3":{"start":{"line":6,"column":15},"end":{"line":6,"column":49}},"4":{"start":{"line":8,"column":4},"end":{"line":8,"column":60}},"5":{"start":{"line":9,"column":4},"end":{"line":57,"column":7}},"6":{"start":{"line":59,"column":0},"end":{"line":59,"column":25}}},"fnMap":{"0":{"name":"(anonymous_0)","decl":{"start":{"line":2,"column":56},"end":{"line":2,"column":57}},"loc":{"start":{"line":2,"column":71},"end":{"line":4,"column":1}},"line":2},"1":{"name":"getEnv","decl":{"start":{"line":7,"column":9},"end":{"line":7,"column":15}},"loc":{"start":{"line":7,"column":22},"end":{"line":58,"column":1}},"line":7}},"branchMap":{"0":{"loc":{"start":{"line":2,"column":22},"end":{"line":4,"column":1}},"type":"binary-expr","locations":[{"start":{"line":2,"column":23},"end":{"line":2,"column":27}},{"start":{"line":2,"column":31},"end":{"line":2,"column":51}},{"start":{"line":2,"column":56},"end":{"line":4,"column":1}}],"line":2},"1":{"loc":{"start":{"line":3,"column":11},"end":{"line":3,"column":61}},"type":"cond-expr","locations":[{"start":{"line":3,"column":37},"end":{"line":3,"column":40}},{"start":{"line":3,"column":43},"end":{"line":3,"column":61}}],"line":3},"2":{"loc":{"start":{"line":3,"column":12},"end":{"line":3,"column":33}},"type":"binary-expr","locations":[{"start":{"line":3,"column":12},"end":{"line":3,"column":15}},{"start":{"line":3,"column":19},"end":{"line":3,"column":33}}],"line":3}},"s":{"0":1,"1":1,"2":1,"3":1,"4":6,"5":6,"6":1},"f":{"0":1,"1":6},"b":{"0":[1,1,1],"1":[0,1],"2":[1,1]},"inputSourceMap":{"version":3,"file":"config.js","sourceRoot":"","sources":["../../src/guildHandler/config.ts"],"names":[],"mappings":";;;;;AAAA,kDAA4B,CAAC,qBAAqB;AAElD,SAAwB,MAAM,CAAC,IAAY;IAC1C,gBAAM,CAAC,MAAM,CAAC,EAAE,IAAI,MAAA,EAAE,QAAQ,EAAE,IAAI,EAAE,CAAC,CAAC;IAExC,OAAO,MAAM,CAAC,MAAM,CAAC;QACpB,QAAQ,EAAE,OAAO,CAAC,GAAG,CAAC,QAAQ;QAE9B,aAAa,EAAE,OAAO,CAAC,GAAG,CAAC,aAAa;QACxC,iBAAiB,EAAE,QAAQ,CAAC,OAAO,CAAC,GAAG,CAAC,iBAAiB,CAAC;QAC1D,iBAAiB,EAAE,QAAQ,CAAC,OAAO,CAAC,GAAG,CAAC,iBAAiB,CAAC;QAC1D,eAAe,EAAE,OAAO,CAAC,GAAG,CAAC,eAAe;QAE5C,WAAW,EAAE,OAAO,CAAC,GAAG,CAAC,WAAW;QACpC,cAAc,EAAE,OAAO,CAAC,GAAG,CAAC,cAAc;QAC1C,yBAAyB,EAAE,OAAO,CAAC,GAAG,CAAC,yBAAyB;QAChE,uBAAuB,EAAE,QAAQ,CAAC,OAAO,CAAC,GAAG,CAAC,uBAAuB,CAAC;QACtE,oBAAoB,EAAE,QAAQ,CAAC,OAAO,CAAC,GAAG,CAAC,oBAAoB,CAAC;QAChE,uBAAuB,EAAE,QAAQ,CAAC,OAAO,CAAC,GAAG,CAAC,uBAAuB,CAAC;QAEtE,UAAU,EAAE,OAAO,CAAC,GAAG,CAAC,UAAU;QAClC,IAAI,EAAE,QAAQ,CAAC,OAAO,CAAC,GAAG,CAAC,IAAI,CAAC;QAEhC,oBAAoB,EAAE,QAAQ,CAAC,OAAO,CAAC,GAAG,CAAC,oBAAoB,CAAC;QAChE,eAAe,EAAE,QAAQ,CAAC,OAAO,CAAC,GAAG,CAAC,eAAe,CAAC;QACtD,mBAAmB,EAAE,QAAQ,CAAC,OAAO,CAAC,GAAG,CAAC,mBAAmB,CAAC;QAC9D,cAAc,EAAE,QAAQ,CAAC,OAAO,CAAC,GAAG,CAAC,cAAc,CAAC;QACpD,iBAAiB,EAAE,QAAQ,CAAC,OAAO,CAAC,GAAG,CAAC,iBAAiB,CAAC;QAC1D,cAAc,EAAE,QAAQ,CAAC,OAAO,CAAC,GAAG,CAAC,cAAc,CAAC;QACpD,cAAc,EAAE,QAAQ,CAAC,OAAO,CAAC,GAAG,CAAC,cAAc,CAAC;QACpD,gBAAgB,EAAE,QAAQ,CAAC,OAAO,CAAC,GAAG,CAAC,gBAAgB,CAAC;QAExD,UAAU,EAAE,OAAO,CAAC,GAAG,CAAC,UAAU;QAClC,aAAa,EAAE,OAAO,CAAC,GAAG,CAAC,aAAa;QAExC,QAAQ,EAAE,OAAO,CAAC,GAAG,CAAC,QAAQ;QAC9B,WAAW,EAAE,OAAO,CAAC,GAAG,CAAC,WAAW;QACpC,SAAS,EAAE,QAAQ,CAAC,OAAO,CAAC,GAAG,CAAC,SAAS,CAAC;QAC1C,UAAU,EAAE,OAAO,CAAC,GAAG,CAAC,UAAU;QAClC,cAAc,EAAE,QAAQ,CAAC,OAAO,CAAC,GAAG,CAAC,cAAc,CAAC;QACpD,eAAe,EAAE,QAAQ,CAAC,OAAO,CAAC,GAAG,CAAC,eAAe,CAAC;QACtD,YAAY,EAAE,QAAQ,CAAC,OAAO,CAAC,GAAG,CAAC,YAAY,CAAC;QAChD,yBAAyB,EAAE,QAAQ,CAAC,OAAO,CAAC,GAAG,CAAC,yBAAyB,CAAC;QAC1E,sBAAsB,EAAE,QAAQ,CAAC,OAAO,CAAC,GAAG,CAAC,sBAAsB,CAAC;QACpE,cAAc,EAAE,QAAQ,CAAC,OAAO,CAAC,GAAG,CAAC,cAAc,CAAC;QAEpD,OAAO,EAAE,OAAO,CAAC,GAAG,CAAC,OAAO;QAC5B,aAAa,EAAE,OAAO,CAAC,GAAG,CAAC,aAAa;QACxC,gBAAgB,EAAE,OAAO,CAAC,GAAG,CAAC,gBAAgB;QAC9C,YAAY,EAAE,OAAO,CAAC,GAAG,CAAC,YAAY;QACtC,aAAa,EAAE,OAAO,CAAC,GAAG,CAAC,aAAa;QACxC,QAAQ,EAAE,OAAO,CAAC,GAAG,CAAC,QAAQ,KAAK,MAAM;QAEzC,yBAAyB,EAAE,QAAQ,CAAC,OAAO,CAAC,GAAG,CAAC,yBAAyB,CAAC;QAC1E,gBAAgB,EAAE,QAAQ,CAAC,OAAO,CAAC,GAAG,CAAC,gBAAgB,CAAC;QACxD,eAAe,EAAE,QAAQ,CAAC,OAAO,CAAC,GAAG,CAAC,eAAe,CAAC;QAEtD,gBAAgB,EAAE,OAAO,CAAC,GAAG,CAAC,gBAAgB;QAC9C,oBAAoB,EAAE,OAAO,CAAC,GAAG,CAAC,oBAAoB;QACtD,mBAAmB,EAAE,OAAO,CAAC,GAAG,CAAC,mBAAmB;QACpD,YAAY,EAAE,OAAO,CAAC,GAAG,CAAC,YAAY;QACtC,gBAAgB,EAAE,OAAO,CAAC,GAAG,CAAC,gBAAgB;KAC9C,CAAC,CAAC;AACJ,CAAC;AA7DD,yBA6DC"},"_coverageSchema":"1a1c01bbd47fc00a2c39e90264f33305004495a9","hash":"58edfe0e74cc6dcfbf4c91bf78778c2015ffee49"},"C:\\Users\\Bennett\\Documents\\GitHub\\Miku-DiscordMusicBot\\built\\guildHandler\\GuildHandler.js":{"path":"C:\\Users\\Bennett\\Documents\\GitHub\\Miku-DiscordMusicBot\\built\\guildHandler\\GuildHandler.js","statementMap":{"0":{"start":{"line":2,"column":16},"end":{"line":10,"column":1}},"1":{"start":{"line":3,"column":28},"end":{"line":3,"column":110}},"2":{"start":{"line":3,"column":91},"end":{"line":3,"column":106}},"3":{"start":{"line":4,"column":4},"end":{"line":9,"column":7}},"4":{"start":{"line":5,"column":36},"end":{"line":5,"column":97}},"5":{"start":{"line":5,"column":42},"end":{"line":5,"column":70}},"6":{"start":{"line":5,"column":85},"end":{"line":5,"column":95}},"7":{"start":{"line":6,"column":35},"end":{"line":6,"column":100}},"8":{"start":{"line":6,"column":41},"end":{"line":6,"column":73}},"9":{"start":{"line":6,"column":88},"end":{"line":6,"column":98}},"10":{"start":{"line":7,"column":32},"end":{"line":7,"column":116}},"11":{"start":{"line":8,"column":8},"end":{"line":8,"column":78}},"12":{"start":{"line":11,"column":18},"end":{"line":37,"column":1}},"13":{"start":{"line":12,"column":12},"end":{"line":12,"column":104}},"14":{"start":{"line":12,"column":43},"end":{"line":12,"column":68}},"15":{"start":{"line":12,"column":57},"end":{"line":12,"column":68}},"16":{"start":{"line":12,"column":69},"end":{"line":12,"column":81}},"17":{"start":{"line":13,"column":4},"end":{"line":13,"column":157}},"18":{"start":{"line":13,"column":138},"end":{"line":13,"column":150}},"19":{"start":{"line":14,"column":23},"end":{"line":14,"column":68}},"20":{"start":{"line":14,"column":45},"end":{"line":14,"column":65}},"21":{"start":{"line":16,"column":8},"end":{"line":16,"column":70}},"22":{"start":{"line":16,"column":15},"end":{"line":16,"column":70}},"23":{"start":{"line":17,"column":8},"end":{"line":34,"column":66}},"24":{"start":{"line":17,"column":18},"end":{"line":34,"column":66}},"25":{"start":{"line":18,"column":12},"end":{"line":18,"column":169}},"26":{"start":{"line":18,"column":160},"end":{"line":18,"column":169}},"27":{"start":{"line":19,"column":12},"end":{"line":19,"column":52}},"28":{"start":{"line":19,"column":26},"end":{"line":19,"column":52}},"29":{"start":{"line":20,"column":12},"end":{"line":32,"column":13}},"30":{"start":{"line":21,"column":32},"end":{"line":21,"column":39}},"31":{"start":{"line":21,"column":40},"end":{"line":21,"column":46}},"32":{"start":{"line":22,"column":24},"end":{"line":22,"column":34}},"33":{"start":{"line":22,"column":35},"end":{"line":22,"column":72}},"34":{"start":{"line":23,"column":24},"end":{"line":23,"column":34}},"35":{"start":{"line":23,"column":35},"end":{"line":23,"column":45}},"36":{"start":{"line":23,"column":46},"end":{"line":23,"column":55}},"37":{"start":{"line":23,"column":56},"end":{"line":23,"column":65}},"38":{"start":{"line":24,"column":24},"end":{"line":24,"column":41}},"39":{"start":{"line":24,"column":42},"end":{"line":24,"column":55}},"40":{"start":{"line":24,"column":56},"end":{"line":24,"column":65}},"41":{"start":{"line":26,"column":20},"end":{"line":26,"column":128}},"42":{"start":{"line":26,"column":110},"end":{"line":26,"column":116}},"43":{"start":{"line":26,"column":117},"end":{"line":26,"column":126}},"44":{"start":{"line":27,"column":20},"end":{"line":27,"column":106}},"45":{"start":{"line":27,"column":81},"end":{"line":27,"column":97}},"46":{"start":{"line":27,"column":98},"end":{"line":27,"column":104}},"47":{"start":{"line":28,"column":20},"end":{"line":28,"column":89}},"48":{"start":{"line":28,"column":57},"end":{"line":28,"column":72}},"49":{"start":{"line":28,"column":73},"end":{"line":28,"column":80}},"50":{"start":{"line":28,"column":81},"end":{"line":28,"column":87}},"51":{"start":{"line":29,"column":20},"end":{"line":29,"column":87}},"52":{"start":{"line":29,"column":47},"end":{"line":29,"column":62}},"53":{"start":{"line":29,"column":63},"end":{"line":29,"column":78}},"54":{"start":{"line":29,"column":79},"end":{"line":29,"column":85}},"55":{"start":{"line":30,"column":20},"end":{"line":30,"column":42}},"56":{"start":{"line":30,"column":30},"end":{"line":30,"column":42}},"57":{"start":{"line":31,"column":20},"end":{"line":31,"column":33}},"58":{"start":{"line":31,"column":34},"end":{"line":31,"column":43}},"59":{"start":{"line":33,"column":12},"end":{"line":33,"column":39}},"60":{"start":{"line":34,"column":22},"end":{"line":34,"column":34}},"61":{"start":{"line":34,"column":35},"end":{"line":34,"column":41}},"62":{"start":{"line":34,"column":54},"end":{"line":34,"column":64}},"63":{"start":{"line":35,"column":8},"end":{"line":35,"column":35}},"64":{"start":{"line":35,"column":23},"end":{"line":35,"column":35}},"65":{"start":{"line":35,"column":36},"end":{"line":35,"column":89}},"66":{"start":{"line":38,"column":22},"end":{"line":40,"column":1}},"67":{"start":{"line":39,"column":4},"end":{"line":39,"column":62}},"68":{"start":{"line":41,"column":0},"end":{"line":41,"column":62}},"69":{"start":{"line":42,"column":13},"end":{"line":42,"column":45}},"70":{"start":{"line":43,"column":19},"end":{"line":43,"column":57}},"71":{"start":{"line":44,"column":11},"end":{"line":44,"column":54}},"72":{"start":{"line":45,"column":18},"end":{"line":45,"column":73}},"73":{"start":{"line":46,"column":26},"end":{"line":46,"column":84}},"74":{"start":{"line":47,"column":17},"end":{"line":47,"column":75}},"75":{"start":{"line":48,"column":14},"end":{"line":48,"column":60}},"76":{"start":{"line":49,"column":15},"end":{"line":49,"column":62}},"77":{"start":{"line":55,"column":34},"end":{"line":544,"column":3}},"78":{"start":{"line":61,"column":8},"end":{"line":61,"column":27}},"79":{"start":{"line":63,"column":23},"end":{"line":63,"column":58}},"80":{"start":{"line":64,"column":8},"end":{"line":64,"column":29}},"81":{"start":{"line":65,"column":8},"end":{"line":65,"column":104}},"82":{"start":{"line":65,"column":38},"end":{"line":65,"column":101}},"83":{"start":{"line":66,"column":8},"end":{"line":66,"column":57}},"84":{"start":{"line":66,"column":37},"end":{"line":66,"column":54}},"85":{"start":{"line":67,"column":8},"end":{"line":67,"column":102}},"86":{"start":{"line":67,"column":37},"end":{"line":67,"column":99}},"87":{"start":{"line":68,"column":8},"end":{"line":71,"column":10}},"88":{"start":{"line":69,"column":12},"end":{"line":69,"column":58}},"89":{"start":{"line":69,"column":36},"end":{"line":69,"column":56}},"90":{"start":{"line":70,"column":12},"end":{"line":70,"column":82}},"91":{"start":{"line":72,"column":8},"end":{"line":72,"column":21}},"92":{"start":{"line":73,"column":8},"end":{"line":73,"column":29}},"93":{"start":{"line":74,"column":8},"end":{"line":74,"column":36}},"94":{"start":{"line":75,"column":8},"end":{"line":75,"column":30}},"95":{"start":{"line":76,"column":8},"end":{"line":76,"column":32}},"96":{"start":{"line":78,"column":8},"end":{"line":78,"column":50}},"97":{"start":{"line":79,"column":8},"end":{"line":79,"column":41}},"98":{"start":{"line":80,"column":8},"end":{"line":80,"column":53}},"99":{"start":{"line":81,"column":8},"end":{"line":81,"column":47}},"100":{"start":{"line":82,"column":8},"end":{"line":82,"column":65}},"101":{"start":{"line":83,"column":8},"end":{"line":83,"column":49}},"102":{"start":{"line":85,"column":8},"end":{"line":85,"column":56}},"103":{"start":{"line":91,"column":4},"end":{"line":127,"column":6}},"104":{"start":{"line":92,"column":8},"end":{"line":126,"column":11}},"105":{"start":{"line":94,"column":12},"end":{"line":125,"column":15}},"106":{"start":{"line":95,"column":16},"end":{"line":124,"column":17}},"107":{"start":{"line":97,"column":24},"end":{"line":97,"column":95}},"108":{"start":{"line":99,"column":24},"end":{"line":99,"column":64}},"109":{"start":{"line":100,"column":24},"end":{"line":100,"column":73}},"110":{"start":{"line":101,"column":24},"end":{"line":101,"column":67}},"111":{"start":{"line":103,"column":24},"end":{"line":103,"column":34}},"112":{"start":{"line":104,"column":24},"end":{"line":104,"column":64}},"113":{"start":{"line":105,"column":24},"end":{"line":105,"column":83}},"114":{"start":{"line":107,"column":24},"end":{"line":107,"column":53}},"115":{"start":{"line":108,"column":24},"end":{"line":108,"column":81}},"116":{"start":{"line":110,"column":24},"end":{"line":110,"column":42}},"117":{"start":{"line":112,"column":24},"end":{"line":122,"column":25}},"118":{"start":{"line":113,"column":28},"end":{"line":113,"column":156}},"119":{"start":{"line":114,"column":28},"end":{"line":114,"column":148}},"120":{"start":{"line":114,"column":99},"end":{"line":114,"column":136}},"121":{"start":{"line":115,"column":28},"end":{"line":115,"column":130}},"122":{"start":{"line":116,"column":28},"end":{"line":116,"column":182}},"123":{"start":{"line":120,"column":28},"end":{"line":120,"column":138}},"124":{"start":{"line":121,"column":28},"end":{"line":121,"column":49}},"125":{"start":{"line":123,"column":24},"end":{"line":123,"column":46}},"126":{"start":{"line":135,"column":4},"end":{"line":495,"column":6}},"127":{"start":{"line":136,"column":8},"end":{"line":494,"column":11}},"128":{"start":{"line":138,"column":24},"end":{"line":138,"column":28}},"129":{"start":{"line":139,"column":12},"end":{"line":493,"column":15}},"130":{"start":{"line":140,"column":16},"end":{"line":492,"column":17}},"131":{"start":{"line":143,"column":24},"end":{"line":146,"column":25}},"132":{"start":{"line":144,"column":28},"end":{"line":144,"column":240}},"133":{"start":{"line":145,"column":28},"end":{"line":145,"column":57}},"134":{"start":{"line":148,"column":24},"end":{"line":149,"column":57}},"135":{"start":{"line":149,"column":28},"end":{"line":149,"column":57}},"136":{"start":{"line":151,"column":24},"end":{"line":151,"column":72}},"137":{"start":{"line":152,"column":24},"end":{"line":152,"column":39}},"138":{"start":{"line":153,"column":24},"end":{"line":156,"column":25}},"139":{"start":{"line":154,"column":28},"end":{"line":154,"column":42}},"140":{"start":{"line":155,"column":28},"end":{"line":155,"column":131}},"141":{"start":{"line":157,"column":24},"end":{"line":157,"column":52}},"142":{"start":{"line":158,"column":24},"end":{"line":158,"column":65}},"143":{"start":{"line":159,"column":24},"end":{"line":159,"column":79}},"144":{"start":{"line":160,"column":24},"end":{"line":160,"column":330}},"145":{"start":{"line":161,"column":24},"end":{"line":161,"column":94}},"146":{"start":{"line":163,"column":24},"end":{"line":163,"column":65}},"147":{"start":{"line":163,"column":40},"end":{"line":163,"column":65}},"148":{"start":{"line":164,"column":24},"end":{"line":164,"column":37}},"149":{"start":{"line":165,"column":24},"end":{"line":192,"column":25}},"150":{"start":{"line":166,"column":50},"end":{"line":166,"column":74}},"151":{"start":{"line":167,"column":43},"end":{"line":167,"column":67}},"152":{"start":{"line":168,"column":43},"end":{"line":168,"column":67}},"153":{"start":{"line":169,"column":44},"end":{"line":169,"column":68}},"154":{"start":{"line":170,"column":45},"end":{"line":170,"column":69}},"155":{"start":{"line":171,"column":43},"end":{"line":171,"column":67}},"156":{"start":{"line":172,"column":44},"end":{"line":172,"column":68}},"157":{"start":{"line":173,"column":43},"end":{"line":173,"column":68}},"158":{"start":{"line":174,"column":43},"end":{"line":174,"column":68}},"159":{"start":{"line":175,"column":50},"end":{"line":175,"column":75}},"160":{"start":{"line":176,"column":45},"end":{"line":176,"column":70}},"161":{"start":{"line":177,"column":41},"end":{"line":177,"column":66}},"162":{"start":{"line":178,"column":51},"end":{"line":178,"column":76}},"163":{"start":{"line":179,"column":41},"end":{"line":179,"column":66}},"164":{"start":{"line":180,"column":46},"end":{"line":180,"column":71}},"165":{"start":{"line":181,"column":53},"end":{"line":181,"column":78}},"166":{"start":{"line":182,"column":49},"end":{"line":182,"column":74}},"167":{"start":{"line":183,"column":41},"end":{"line":183,"column":66}},"168":{"start":{"line":184,"column":50},"end":{"line":184,"column":75}},"169":{"start":{"line":185,"column":41},"end":{"line":185,"column":66}},"170":{"start":{"line":186,"column":45},"end":{"line":186,"column":70}},"171":{"start":{"line":187,"column":46},"end":{"line":187,"column":71}},"172":{"start":{"line":188,"column":52},"end":{"line":188,"column":77}},"173":{"start":{"line":189,"column":41},"end":{"line":189,"column":66}},"174":{"start":{"line":190,"column":54},"end":{"line":190,"column":79}},"175":{"start":{"line":191,"column":47},"end":{"line":191,"column":72}},"176":{"start":{"line":193,"column":24},"end":{"line":193,"column":49}},"177":{"start":{"line":196,"column":28},"end":{"line":196,"column":72}},"178":{"start":{"line":198,"column":28},"end":{"line":213,"column":29}},"179":{"start":{"line":200,"column":32},"end":{"line":200,"column":110}},"180":{"start":{"line":201,"column":32},"end":{"line":201,"column":118}},"181":{"start":{"line":203,"column":33},"end":{"line":213,"column":29}},"182":{"start":{"line":205,"column":32},"end":{"line":205,"column":112}},"183":{"start":{"line":206,"column":32},"end":{"line":206,"column":86}},"184":{"start":{"line":207,"column":32},"end":{"line":207,"column":53}},"185":{"start":{"line":208,"column":32},"end":{"line":212,"column":33}},"186":{"start":{"line":209,"column":36},"end":{"line":209,"column":117}},"187":{"start":{"line":210,"column":36},"end":{"line":210,"column":284}},"188":{"start":{"line":211,"column":36},"end":{"line":211,"column":78}},"189":{"start":{"line":214,"column":28},"end":{"line":214,"column":53}},"190":{"start":{"line":216,"column":24},"end":{"line":216,"column":37}},"191":{"start":{"line":219,"column":28},"end":{"line":219,"column":88}},"192":{"start":{"line":221,"column":28},"end":{"line":221,"column":65}},"193":{"start":{"line":222,"column":28},"end":{"line":222,"column":53}},"194":{"start":{"line":224,"column":24},"end":{"line":224,"column":37}},"195":{"start":{"line":226,"column":24},"end":{"line":226,"column":61}},"196":{"start":{"line":227,"column":24},"end":{"line":227,"column":79}},"197":{"start":{"line":227,"column":55},"end":{"line":227,"column":79}},"198":{"start":{"line":228,"column":24},"end":{"line":228,"column":67}},"199":{"start":{"line":229,"column":24},"end":{"line":229,"column":83}},"200":{"start":{"line":231,"column":24},"end":{"line":231,"column":43}},"201":{"start":{"line":232,"column":24},"end":{"line":235,"column":25}},"202":{"start":{"line":233,"column":28},"end":{"line":233,"column":108}},"203":{"start":{"line":234,"column":28},"end":{"line":234,"column":53}},"204":{"start":{"line":236,"column":24},"end":{"line":236,"column":37}},"205":{"start":{"line":239,"column":24},"end":{"line":244,"column":25}},"206":{"start":{"line":241,"column":28},"end":{"line":241,"column":79}},"207":{"start":{"line":242,"column":28},"end":{"line":242,"column":57}},"208":{"start":{"line":243,"column":28},"end":{"line":243,"column":53}},"209":{"start":{"line":247,"column":24},"end":{"line":251,"column":25}},"210":{"start":{"line":248,"column":28},"end":{"line":248,"column":109}},"211":{"start":{"line":249,"column":28},"end":{"line":249,"column":51}},"212":{"start":{"line":250,"column":28},"end":{"line":250,"column":53}},"213":{"start":{"line":253,"column":24},"end":{"line":253,"column":124}},"214":{"start":{"line":254,"column":24},"end":{"line":254,"column":46}},"215":{"start":{"line":255,"column":24},"end":{"line":255,"column":49}},"216":{"start":{"line":258,"column":28},"end":{"line":258,"column":66}},"217":{"start":{"line":260,"column":28},"end":{"line":267,"column":29}},"218":{"start":{"line":261,"column":32},"end":{"line":261,"column":77}},"219":{"start":{"line":262,"column":32},"end":{"line":262,"column":54}},"220":{"start":{"line":265,"column":32},"end":{"line":265,"column":107}},"221":{"start":{"line":266,"column":32},"end":{"line":266,"column":78}},"222":{"start":{"line":268,"column":28},"end":{"line":268,"column":53}},"223":{"start":{"line":270,"column":24},"end":{"line":270,"column":37}},"224":{"start":{"line":273,"column":28},"end":{"line":273,"column":67}},"225":{"start":{"line":274,"column":28},"end":{"line":281,"column":29}},"226":{"start":{"line":275,"column":32},"end":{"line":275,"column":78}},"227":{"start":{"line":276,"column":32},"end":{"line":276,"column":55}},"228":{"start":{"line":279,"column":32},"end":{"line":279,"column":107}},"229":{"start":{"line":280,"column":32},"end":{"line":280,"column":79}},"230":{"start":{"line":282,"column":28},"end":{"line":282,"column":53}},"231":{"start":{"line":284,"column":24},"end":{"line":284,"column":37}},"232":{"start":{"line":287,"column":28},"end":{"line":287,"column":88}},"233":{"start":{"line":288,"column":28},"end":{"line":288,"column":50}},"234":{"start":{"line":289,"column":28},"end":{"line":289,"column":53}},"235":{"start":{"line":291,"column":24},"end":{"line":291,"column":38}},"236":{"start":{"line":294,"column":28},"end":{"line":294,"column":92}},"237":{"start":{"line":295,"column":28},"end":{"line":295,"column":57}},"238":{"start":{"line":296,"column":28},"end":{"line":296,"column":53}},"239":{"start":{"line":298,"column":24},"end":{"line":298,"column":38}},"240":{"start":{"line":301,"column":28},"end":{"line":301,"column":72}},"241":{"start":{"line":302,"column":28},"end":{"line":302,"column":43}},"242":{"start":{"line":303,"column":28},"end":{"line":303,"column":56}},"243":{"start":{"line":304,"column":28},"end":{"line":318,"column":29}},"244":{"start":{"line":305,"column":32},"end":{"line":305,"column":110}},"245":{"start":{"line":306,"column":32},"end":{"line":306,"column":47}},"246":{"start":{"line":309,"column":32},"end":{"line":317,"column":33}},"247":{"start":{"line":310,"column":36},"end":{"line":310,"column":122}},"248":{"start":{"line":311,"column":36},"end":{"line":311,"column":47}},"249":{"start":{"line":314,"column":36},"end":{"line":314,"column":153}},"250":{"start":{"line":315,"column":36},"end":{"line":315,"column":140}},"251":{"start":{"line":316,"column":36},"end":{"line":316,"column":61}},"252":{"start":{"line":319,"column":28},"end":{"line":319,"column":97}},"253":{"start":{"line":320,"column":28},"end":{"line":320,"column":58}},"254":{"start":{"line":321,"column":28},"end":{"line":321,"column":53}},"255":{"start":{"line":323,"column":24},"end":{"line":323,"column":38}},"256":{"start":{"line":326,"column":28},"end":{"line":326,"column":73}},"257":{"start":{"line":327,"column":28},"end":{"line":327,"column":43}},"258":{"start":{"line":328,"column":28},"end":{"line":328,"column":56}},"259":{"start":{"line":329,"column":28},"end":{"line":343,"column":29}},"260":{"start":{"line":330,"column":32},"end":{"line":330,"column":110}},"261":{"start":{"line":331,"column":32},"end":{"line":331,"column":47}},"262":{"start":{"line":334,"column":32},"end":{"line":342,"column":33}},"263":{"start":{"line":335,"column":36},"end":{"line":335,"column":122}},"264":{"start":{"line":336,"column":36},"end":{"line":336,"column":47}},"265":{"start":{"line":339,"column":36},"end":{"line":339,"column":153}},"266":{"start":{"line":340,"column":36},"end":{"line":340,"column":140}},"267":{"start":{"line":341,"column":36},"end":{"line":341,"column":61}},"268":{"start":{"line":344,"column":28},"end":{"line":344,"column":98}},"269":{"start":{"line":345,"column":28},"end":{"line":345,"column":59}},"270":{"start":{"line":346,"column":28},"end":{"line":346,"column":53}},"271":{"start":{"line":348,"column":24},"end":{"line":348,"column":38}},"272":{"start":{"line":351,"column":28},"end":{"line":351,"column":75}},"273":{"start":{"line":352,"column":28},"end":{"line":352,"column":46}},"274":{"start":{"line":353,"column":28},"end":{"line":360,"column":29}},"275":{"start":{"line":354,"column":32},"end":{"line":354,"column":103}},"276":{"start":{"line":355,"column":32},"end":{"line":355,"column":45}},"277":{"start":{"line":357,"column":33},"end":{"line":360,"column":29}},"278":{"start":{"line":358,"column":32},"end":{"line":358,"column":106}},"279":{"start":{"line":359,"column":32},"end":{"line":359,"column":46}},"280":{"start":{"line":361,"column":28},"end":{"line":361,"column":87}},"281":{"start":{"line":362,"column":28},"end":{"line":362,"column":68}},"282":{"start":{"line":363,"column":28},"end":{"line":363,"column":53}},"283":{"start":{"line":365,"column":24},"end":{"line":365,"column":38}},"284":{"start":{"line":368,"column":28},"end":{"line":368,"column":71}},"285":{"start":{"line":369,"column":28},"end":{"line":369,"column":37}},"286":{"start":{"line":370,"column":28},"end":{"line":370,"column":56}},"287":{"start":{"line":371,"column":28},"end":{"line":377,"column":29}},"288":{"start":{"line":372,"column":32},"end":{"line":372,"column":110}},"289":{"start":{"line":373,"column":32},"end":{"line":373,"column":46}},"290":{"start":{"line":376,"column":32},"end":{"line":376,"column":102}},"291":{"start":{"line":378,"column":28},"end":{"line":378,"column":82}},"292":{"start":{"line":379,"column":28},"end":{"line":379,"column":54}},"293":{"start":{"line":380,"column":28},"end":{"line":380,"column":53}},"294":{"start":{"line":382,"column":24},"end":{"line":382,"column":38}},"295":{"start":{"line":385,"column":28},"end":{"line":385,"column":88}},"296":{"start":{"line":386,"column":28},"end":{"line":386,"column":52}},"297":{"start":{"line":387,"column":28},"end":{"line":387,"column":53}},"298":{"start":{"line":389,"column":24},"end":{"line":389,"column":38}},"299":{"start":{"line":392,"column":28},"end":{"line":392,"column":67}},"300":{"start":{"line":393,"column":28},"end":{"line":393,"column":43}},"301":{"start":{"line":394,"column":28},"end":{"line":394,"column":56}},"302":{"start":{"line":395,"column":28},"end":{"line":403,"column":29}},"303":{"start":{"line":396,"column":32},"end":{"line":396,"column":110}},"304":{"start":{"line":397,"column":32},"end":{"line":397,"column":47}},"305":{"start":{"line":400,"column":32},"end":{"line":400,"column":130}},"306":{"start":{"line":401,"column":32},"end":{"line":401,"column":136}},"307":{"start":{"line":402,"column":32},"end":{"line":402,"column":57}},"308":{"start":{"line":404,"column":28},"end":{"line":404,"column":82}},"309":{"start":{"line":405,"column":28},"end":{"line":405,"column":57}},"310":{"start":{"line":406,"column":28},"end":{"line":406,"column":53}},"311":{"start":{"line":408,"column":24},"end":{"line":408,"column":38}},"312":{"start":{"line":411,"column":28},"end":{"line":411,"column":68}},"313":{"start":{"line":412,"column":28},"end":{"line":412,"column":43}},"314":{"start":{"line":413,"column":28},"end":{"line":413,"column":56}},"315":{"start":{"line":414,"column":28},"end":{"line":422,"column":29}},"316":{"start":{"line":415,"column":32},"end":{"line":415,"column":110}},"317":{"start":{"line":416,"column":32},"end":{"line":416,"column":47}},"318":{"start":{"line":419,"column":32},"end":{"line":419,"column":130}},"319":{"start":{"line":420,"column":32},"end":{"line":420,"column":136}},"320":{"start":{"line":421,"column":32},"end":{"line":421,"column":57}},"321":{"start":{"line":423,"column":28},"end":{"line":423,"column":83}},"322":{"start":{"line":424,"column":28},"end":{"line":424,"column":54}},"323":{"start":{"line":425,"column":28},"end":{"line":425,"column":53}},"324":{"start":{"line":427,"column":24},"end":{"line":427,"column":38}},"325":{"start":{"line":429,"column":24},"end":{"line":429,"column":70}},"326":{"start":{"line":430,"column":24},"end":{"line":430,"column":37}},"327":{"start":{"line":431,"column":24},"end":{"line":431,"column":52}},"328":{"start":{"line":432,"column":24},"end":{"line":438,"column":25}},"329":{"start":{"line":433,"column":28},"end":{"line":433,"column":106}},"330":{"start":{"line":434,"column":28},"end":{"line":434,"column":45}},"331":{"start":{"line":437,"column":28},"end":{"line":437,"column":121}},"332":{"start":{"line":440,"column":24},"end":{"line":440,"column":103}},"333":{"start":{"line":441,"column":24},"end":{"line":441,"column":89}},"334":{"start":{"line":443,"column":24},"end":{"line":443,"column":44}},"335":{"start":{"line":444,"column":24},"end":{"line":444,"column":95}},"336":{"start":{"line":445,"column":24},"end":{"line":445,"column":109}},"337":{"start":{"line":445,"column":84},"end":{"line":445,"column":109}},"338":{"start":{"line":446,"column":24},"end":{"line":446,"column":38}},"339":{"start":{"line":448,"column":24},"end":{"line":448,"column":53}},"340":{"start":{"line":449,"column":24},"end":{"line":449,"column":145}},"341":{"start":{"line":450,"column":24},"end":{"line":450,"column":74}},"342":{"start":{"line":452,"column":24},"end":{"line":452,"column":34}},"343":{"start":{"line":453,"column":24},"end":{"line":453,"column":188}},"344":{"start":{"line":454,"column":24},"end":{"line":454,"column":45}},"345":{"start":{"line":455,"column":24},"end":{"line":455,"column":126}},"346":{"start":{"line":455,"column":49},"end":{"line":455,"column":116}},"347":{"start":{"line":456,"column":24},"end":{"line":456,"column":49}},"348":{"start":{"line":458,"column":24},"end":{"line":458,"column":44}},"349":{"start":{"line":459,"column":24},"end":{"line":459,"column":125}},"350":{"start":{"line":460,"column":24},"end":{"line":460,"column":124}},"351":{"start":{"line":461,"column":24},"end":{"line":461,"column":49}},"352":{"start":{"line":462,"column":29},"end":{"line":462,"column":54}},"353":{"start":{"line":465,"column":28},"end":{"line":465,"column":75}},"354":{"start":{"line":466,"column":28},"end":{"line":466,"column":70}},"355":{"start":{"line":467,"column":28},"end":{"line":474,"column":29}},"356":{"start":{"line":468,"column":32},"end":{"line":468,"column":103}},"357":{"start":{"line":469,"column":32},"end":{"line":469,"column":45}},"358":{"start":{"line":471,"column":33},"end":{"line":474,"column":29}},"359":{"start":{"line":472,"column":32},"end":{"line":472,"column":106}},"360":{"start":{"line":473,"column":32},"end":{"line":473,"column":46}},"361":{"start":{"line":475,"column":28},"end":{"line":475,"column":76}},"362":{"start":{"line":476,"column":28},"end":{"line":476,"column":69}},"363":{"start":{"line":477,"column":28},"end":{"line":477,"column":53}},"364":{"start":{"line":479,"column":24},"end":{"line":479,"column":38}},"365":{"start":{"line":482,"column":28},"end":{"line":482,"column":182}},"366":{"start":{"line":483,"column":28},"end":{"line":483,"column":53}},"367":{"start":{"line":485,"column":24},"end":{"line":485,"column":38}},"368":{"start":{"line":487,"column":24},"end":{"line":487,"column":73}},"369":{"start":{"line":488,"column":24},"end":{"line":488,"column":65}},"370":{"start":{"line":490,"column":24},"end":{"line":490,"column":34}},"371":{"start":{"line":491,"column":24},"end":{"line":491,"column":52}},"372":{"start":{"line":503,"column":4},"end":{"line":518,"column":6}},"373":{"start":{"line":504,"column":8},"end":{"line":517,"column":11}},"374":{"start":{"line":505,"column":12},"end":{"line":516,"column":15}},"375":{"start":{"line":506,"column":16},"end":{"line":515,"column":17}},"376":{"start":{"line":508,"column":24},"end":{"line":508,"column":283}},"377":{"start":{"line":509,"column":24},"end":{"line":512,"column":25}},"378":{"start":{"line":510,"column":28},"end":{"line":510,"column":94}},"379":{"start":{"line":511,"column":28},"end":{"line":511,"column":57}},"380":{"start":{"line":513,"column":24},"end":{"line":513,"column":81}},"381":{"start":{"line":514,"column":28},"end":{"line":514,"column":61}},"382":{"start":{"line":524,"column":4},"end":{"line":542,"column":6}},"383":{"start":{"line":525,"column":8},"end":{"line":541,"column":11}},"384":{"start":{"line":526,"column":12},"end":{"line":540,"column":15}},"385":{"start":{"line":527,"column":16},"end":{"line":539,"column":17}},"386":{"start":{"line":529,"column":24},"end":{"line":529,"column":68}},"387":{"start":{"line":530,"column":24},"end":{"line":530,"column":46}},"388":{"start":{"line":531,"column":24},"end":{"line":531,"column":47}},"389":{"start":{"line":532,"column":24},"end":{"line":532,"column":60}},"390":{"start":{"line":532,"column":36},"end":{"line":532,"column":60}},"391":{"start":{"line":533,"column":24},"end":{"line":533,"column":70}},"392":{"start":{"line":534,"column":24},"end":{"line":534,"column":70}},"393":{"start":{"line":536,"column":24},"end":{"line":536,"column":34}},"394":{"start":{"line":537,"column":24},"end":{"line":537,"column":37}},"395":{"start":{"line":538,"column":28},"end":{"line":538,"column":50}},"396":{"start":{"line":543,"column":4},"end":{"line":543,"column":24}},"397":{"start":{"line":545,"column":0},"end":{"line":545,"column":31}}},"fnMap":{"0":{"name":"(anonymous_0)","decl":{"start":{"line":2,"column":44},"end":{"line":2,"column":45}},"loc":{"start":{"line":2,"column":89},"end":{"line":10,"column":1}},"line":2},"1":{"name":"adopt","decl":{"start":{"line":3,"column":13},"end":{"line":3,"column":18}},"loc":{"start":{"line":3,"column":26},"end":{"line":3,"column":112}},"line":3},"2":{"name":"(anonymous_2)","decl":{"start":{"line":3,"column":70},"end":{"line":3,"column":71}},"loc":{"start":{"line":3,"column":89},"end":{"line":3,"column":108}},"line":3},"3":{"name":"(anonymous_3)","decl":{"start":{"line":4,"column":36},"end":{"line":4,"column":37}},"loc":{"start":{"line":4,"column":63},"end":{"line":9,"column":5}},"line":4},"4":{"name":"fulfilled","decl":{"start":{"line":5,"column":17},"end":{"line":5,"column":26}},"loc":{"start":{"line":5,"column":34},"end":{"line":5,"column":99}},"line":5},"5":{"name":"rejected","decl":{"start":{"line":6,"column":17},"end":{"line":6,"column":25}},"loc":{"start":{"line":6,"column":33},"end":{"line":6,"column":102}},"line":6},"6":{"name":"step","decl":{"start":{"line":7,"column":17},"end":{"line":7,"column":21}},"loc":{"start":{"line":7,"column":30},"end":{"line":7,"column":118}},"line":7},"7":{"name":"(anonymous_7)","decl":{"start":{"line":11,"column":48},"end":{"line":11,"column":49}},"loc":{"start":{"line":11,"column":73},"end":{"line":37,"column":1}},"line":11},"8":{"name":"(anonymous_8)","decl":{"start":{"line":12,"column":30},"end":{"line":12,"column":31}},"loc":{"start":{"line":12,"column":41},"end":{"line":12,"column":83}},"line":12},"9":{"name":"(anonymous_9)","decl":{"start":{"line":13,"column":125},"end":{"line":13,"column":126}},"loc":{"start":{"line":13,"column":136},"end":{"line":13,"column":152}},"line":13},"10":{"name":"verb","decl":{"start":{"line":14,"column":13},"end":{"line":14,"column":17}},"loc":{"start":{"line":14,"column":21},"end":{"line":14,"column":70}},"line":14},"11":{"name":"(anonymous_11)","decl":{"start":{"line":14,"column":30},"end":{"line":14,"column":31}},"loc":{"start":{"line":14,"column":43},"end":{"line":14,"column":67}},"line":14},"12":{"name":"step","decl":{"start":{"line":15,"column":13},"end":{"line":15,"column":17}},"loc":{"start":{"line":15,"column":22},"end":{"line":36,"column":5}},"line":15},"13":{"name":"(anonymous_13)","decl":{"start":{"line":38,"column":56},"end":{"line":38,"column":57}},"loc":{"start":{"line":38,"column":71},"end":{"line":40,"column":1}},"line":38},"14":{"name":"(anonymous_14)","decl":{"start":{"line":55,"column":34},"end":{"line":55,"column":35}},"loc":{"start":{"line":55,"column":46},"end":{"line":544,"column":1}},"line":55},"15":{"name":"GuildHandler","decl":{"start":{"line":60,"column":13},"end":{"line":60,"column":25}},"loc":{"start":{"line":60,"column":83},"end":{"line":86,"column":5}},"line":60},"16":{"name":"(anonymous_16)","decl":{"start":{"line":65,"column":21},"end":{"line":65,"column":22}},"loc":{"start":{"line":65,"column":36},"end":{"line":65,"column":103}},"line":65},"17":{"name":"(anonymous_17)","decl":{"start":{"line":66,"column":20},"end":{"line":66,"column":21}},"loc":{"start":{"line":66,"column":35},"end":{"line":66,"column":56}},"line":66},"18":{"name":"(anonymous_18)","decl":{"start":{"line":67,"column":20},"end":{"line":67,"column":21}},"loc":{"start":{"line":67,"column":35},"end":{"line":67,"column":101}},"line":67},"19":{"name":"(anonymous_19)","decl":{"start":{"line":68,"column":21},"end":{"line":68,"column":22}},"loc":{"start":{"line":68,"column":43},"end":{"line":71,"column":9}},"line":68},"20":{"name":"(anonymous_20)","decl":{"start":{"line":91,"column":41},"end":{"line":91,"column":42}},"loc":{"start":{"line":91,"column":53},"end":{"line":127,"column":5}},"line":91},"21":{"name":"(anonymous_21)","decl":{"start":{"line":92,"column":47},"end":{"line":92,"column":48}},"loc":{"start":{"line":92,"column":59},"end":{"line":126,"column":9}},"line":92},"22":{"name":"(anonymous_22)","decl":{"start":{"line":94,"column":37},"end":{"line":94,"column":38}},"loc":{"start":{"line":94,"column":51},"end":{"line":125,"column":13}},"line":94},"23":{"name":"(anonymous_23)","decl":{"start":{"line":114,"column":78},"end":{"line":114,"column":79}},"loc":{"start":{"line":114,"column":97},"end":{"line":114,"column":138}},"line":114},"24":{"name":"(anonymous_24)","decl":{"start":{"line":135,"column":44},"end":{"line":135,"column":45}},"loc":{"start":{"line":135,"column":63},"end":{"line":495,"column":5}},"line":135},"25":{"name":"(anonymous_25)","decl":{"start":{"line":136,"column":47},"end":{"line":136,"column":48}},"loc":{"start":{"line":136,"column":59},"end":{"line":494,"column":9}},"line":136},"26":{"name":"(anonymous_26)","decl":{"start":{"line":139,"column":37},"end":{"line":139,"column":38}},"loc":{"start":{"line":139,"column":51},"end":{"line":493,"column":13}},"line":139},"27":{"name":"(anonymous_27)","decl":{"start":{"line":455,"column":35},"end":{"line":455,"column":36}},"loc":{"start":{"line":455,"column":47},"end":{"line":455,"column":118}},"line":455},"28":{"name":"(anonymous_28)","decl":{"start":{"line":503,"column":48},"end":{"line":503,"column":49}},"loc":{"start":{"line":503,"column":71},"end":{"line":518,"column":5}},"line":503},"29":{"name":"(anonymous_29)","decl":{"start":{"line":504,"column":47},"end":{"line":504,"column":48}},"loc":{"start":{"line":504,"column":59},"end":{"line":517,"column":9}},"line":504},"30":{"name":"(anonymous_30)","decl":{"start":{"line":505,"column":37},"end":{"line":505,"column":38}},"loc":{"start":{"line":505,"column":51},"end":{"line":516,"column":13}},"line":505},"31":{"name":"(anonymous_31)","decl":{"start":{"line":524,"column":41},"end":{"line":524,"column":42}},"loc":{"start":{"line":524,"column":58},"end":{"line":542,"column":5}},"line":524},"32":{"name":"(anonymous_32)","decl":{"start":{"line":525,"column":47},"end":{"line":525,"column":48}},"loc":{"start":{"line":525,"column":59},"end":{"line":541,"column":9}},"line":525},"33":{"name":"(anonymous_33)","decl":{"start":{"line":526,"column":37},"end":{"line":526,"column":38}},"loc":{"start":{"line":526,"column":51},"end":{"line":540,"column":13}},"line":526}},"branchMap":{"0":{"loc":{"start":{"line":2,"column":16},"end":{"line":10,"column":1}},"type":"binary-expr","locations":[{"start":{"line":2,"column":17},"end":{"line":2,"column":21}},{"start":{"line":2,"column":25},"end":{"line":2,"column":39}},{"start":{"line":2,"column":44},"end":{"line":10,"column":1}}],"line":2},"1":{"loc":{"start":{"line":3,"column":35},"end":{"line":3,"column":109}},"type":"cond-expr","locations":[{"start":{"line":3,"column":56},"end":{"line":3,"column":61}},{"start":{"line":3,"column":64},"end":{"line":3,"column":109}}],"line":3},"2":{"loc":{"start":{"line":4,"column":16},"end":{"line":4,"column":34}},"type":"binary-expr","locations":[{"start":{"line":4,"column":16},"end":{"line":4,"column":17}},{"start":{"line":4,"column":22},"end":{"line":4,"column":33}}],"line":4},"3":{"loc":{"start":{"line":7,"column":32},"end":{"line":7,"column":115}},"type":"cond-expr","locations":[{"start":{"line":7,"column":46},"end":{"line":7,"column":67}},{"start":{"line":7,"column":70},"end":{"line":7,"column":115}}],"line":7},"4":{"loc":{"start":{"line":8,"column":51},"end":{"line":8,"column":67}},"type":"binary-expr","locations":[{"start":{"line":8,"column":51},"end":{"line":8,"column":61}},{"start":{"line":8,"column":65},"end":{"line":8,"column":67}}],"line":8},"5":{"loc":{"start":{"line":11,"column":18},"end":{"line":37,"column":1}},"type":"binary-expr","locations":[{"start":{"line":11,"column":19},"end":{"line":11,"column":23}},{"start":{"line":11,"column":27},"end":{"line":11,"column":43}},{"start":{"line":11,"column":48},"end":{"line":37,"column":1}}],"line":11},"6":{"loc":{"start":{"line":12,"column":43},"end":{"line":12,"column":68}},"type":"if","locations":[{"start":{"line":12,"column":43},"end":{"line":12,"column":68}},{"start":{"line":12,"column":43},"end":{"line":12,"column":68}}],"line":12},"7":{"loc":{"start":{"line":13,"column":71},"end":{"line":13,"column":153}},"type":"binary-expr","locations":[{"start":{"line":13,"column":71},"end":{"line":13,"column":99}},{"start":{"line":13,"column":104},"end":{"line":13,"column":152}}],"line":13},"8":{"loc":{"start":{"line":16,"column":8},"end":{"line":16,"column":70}},"type":"if","locations":[{"start":{"line":16,"column":8},"end":{"line":16,"column":70}},{"start":{"line":16,"column":8},"end":{"line":16,"column":70}}],"line":16},"9":{"loc":{"start":{"line":18,"column":12},"end":{"line":18,"column":169}},"type":"if","locations":[{"start":{"line":18,"column":12},"end":{"line":18,"column":169}},{"start":{"line":18,"column":12},"end":{"line":18,"column":169}}],"line":18},"10":{"loc":{"start":{"line":18,"column":23},"end":{"line":18,"column":158}},"type":"binary-expr","locations":[{"start":{"line":18,"column":23},"end":{"line":18,"column":24}},{"start":{"line":18,"column":29},"end":{"line":18,"column":125}},{"start":{"line":18,"column":130},"end":{"line":18,"column":158}}],"line":18},"11":{"loc":{"start":{"line":18,"column":33},"end":{"line":18,"column":125}},"type":"cond-expr","locations":[{"start":{"line":18,"column":45},"end":{"line":18,"column":56}},{"start":{"line":18,"column":59},"end":{"line":18,"column":125}}],"line":18},"12":{"loc":{"start":{"line":18,"column":59},"end":{"line":18,"column":125}},"type":"cond-expr","locations":[{"start":{"line":18,"column":67},"end":{"line":18,"column":116}},{"start":{"line":18,"column":119},"end":{"line":18,"column":125}}],"line":18},"13":{"loc":{"start":{"line":18,"column":67},"end":{"line":18,"column":116}},"type":"binary-expr","locations":[{"start":{"line":18,"column":67},"end":{"line":18,"column":77}},{"start":{"line":18,"column":82},"end":{"line":18,"column":115}}],"line":18},"14":{"loc":{"start":{"line":18,"column":82},"end":{"line":18,"column":112}},"type":"binary-expr","locations":[{"start":{"line":18,"column":83},"end":{"line":18,"column":98}},{"start":{"line":18,"column":103},"end":{"line":18,"column":112}}],"line":18},"15":{"loc":{"start":{"line":19,"column":12},"end":{"line":19,"column":52}},"type":"if","locations":[{"start":{"line":19,"column":12},"end":{"line":19,"column":52}},{"start":{"line":19,"column":12},"end":{"line":19,"column":52}}],"line":19},"16":{"loc":{"start":{"line":20,"column":12},"end":{"line":32,"column":13}},"type":"switch","locations":[{"start":{"line":21,"column":16},"end":{"line":21,"column":23}},{"start":{"line":21,"column":24},"end":{"line":21,"column":46}},{"start":{"line":22,"column":16},"end":{"line":22,"column":72}},{"start":{"line":23,"column":16},"end":{"line":23,"column":65}},{"start":{"line":24,"column":16},"end":{"line":24,"column":65}},{"start":{"line":25,"column":16},"end":{"line":31,"column":43}}],"line":20},"17":{"loc":{"start":{"line":26,"column":20},"end":{"line":26,"column":128}},"type":"if","locations":[{"start":{"line":26,"column":20},"end":{"line":26,"column":128}},{"start":{"line":26,"column":20},"end":{"line":26,"column":128}}],"line":26},"18":{"loc":{"start":{"line":26,"column":24},"end":{"line":26,"column":106}},"type":"binary-expr","locations":[{"start":{"line":26,"column":24},"end":{"line":26,"column":74}},{"start":{"line":26,"column":79},"end":{"line":26,"column":90}},{"start":{"line":26,"column":94},"end":{"line":26,"column":105}}],"line":26},"19":{"loc":{"start":{"line":26,"column":42},"end":{"line":26,"column":73}},"type":"binary-expr","locations":[{"start":{"line":26,"column":42},"end":{"line":26,"column":54}},{"start":{"line":26,"column":58},"end":{"line":26,"column":73}}],"line":26},"20":{"loc":{"start":{"line":27,"column":20},"end":{"line":27,"column":106}},"type":"if","locations":[{"start":{"line":27,"column":20},"end":{"line":27,"column":106}},{"start":{"line":27,"column":20},"end":{"line":27,"column":106}}],"line":27},"21":{"loc":{"start":{"line":27,"column":24},"end":{"line":27,"column":77}},"type":"binary-expr","locations":[{"start":{"line":27,"column":24},"end":{"line":27,"column":35}},{"start":{"line":27,"column":40},"end":{"line":27,"column":42}},{"start":{"line":27,"column":47},"end":{"line":27,"column":59}},{"start":{"line":27,"column":63},"end":{"line":27,"column":75}}],"line":27},"22":{"loc":{"start":{"line":28,"column":20},"end":{"line":28,"column":89}},"type":"if","locations":[{"start":{"line":28,"column":20},"end":{"line":28,"column":89}},{"start":{"line":28,"column":20},"end":{"line":28,"column":89}}],"line":28},"23":{"loc":{"start":{"line":28,"column":24},"end":{"line":28,"column":53}},"type":"binary-expr","locations":[{"start":{"line":28,"column":24},"end":{"line":28,"column":35}},{"start":{"line":28,"column":39},"end":{"line":28,"column":53}}],"line":28},"24":{"loc":{"start":{"line":29,"column":20},"end":{"line":29,"column":87}},"type":"if","locations":[{"start":{"line":29,"column":20},"end":{"line":29,"column":87}},{"start":{"line":29,"column":20},"end":{"line":29,"column":87}}],"line":29},"25":{"loc":{"start":{"line":29,"column":24},"end":{"line":29,"column":43}},"type":"binary-expr","locations":[{"start":{"line":29,"column":24},"end":{"line":29,"column":25}},{"start":{"line":29,"column":29},"end":{"line":29,"column":43}}],"line":29},"26":{"loc":{"start":{"line":30,"column":20},"end":{"line":30,"column":42}},"type":"if","locations":[{"start":{"line":30,"column":20},"end":{"line":30,"column":42}},{"start":{"line":30,"column":20},"end":{"line":30,"column":42}}],"line":30},"27":{"loc":{"start":{"line":35,"column":8},"end":{"line":35,"column":35}},"type":"if","locations":[{"start":{"line":35,"column":8},"end":{"line":35,"column":35}},{"start":{"line":35,"column":8},"end":{"line":35,"column":35}}],"line":35},"28":{"loc":{"start":{"line":35,"column":52},"end":{"line":35,"column":74}},"type":"cond-expr","locations":[{"start":{"line":35,"column":60},"end":{"line":35,"column":65}},{"start":{"line":35,"column":68},"end":{"line":35,"column":74}}],"line":35},"29":{"loc":{"start":{"line":38,"column":22},"end":{"line":40,"column":1}},"type":"binary-expr","locations":[{"start":{"line":38,"column":23},"end":{"line":38,"column":27}},{"start":{"line":38,"column":31},"end":{"line":38,"column":51}},{"start":{"line":38,"column":56},"end":{"line":40,"column":1}}],"line":38},"30":{"loc":{"start":{"line":39,"column":11},"end":{"line":39,"column":61}},"type":"cond-expr","locations":[{"start":{"line":39,"column":37},"end":{"line":39,"column":40}},{"start":{"line":39,"column":43},"end":{"line":39,"column":61}}],"line":39},"31":{"loc":{"start":{"line":39,"column":12},"end":{"line":39,"column":33}},"type":"binary-expr","locations":[{"start":{"line":39,"column":12},"end":{"line":39,"column":15}},{"start":{"line":39,"column":19},"end":{"line":39,"column":33}}],"line":39},"32":{"loc":{"start":{"line":69,"column":12},"end":{"line":69,"column":58}},"type":"if","locations":[{"start":{"line":69,"column":12},"end":{"line":69,"column":58}},{"start":{"line":69,"column":12},"end":{"line":69,"column":58}}],"line":69},"33":{"loc":{"start":{"line":95,"column":16},"end":{"line":124,"column":17}},"type":"switch","locations":[{"start":{"line":96,"column":20},"end":{"line":101,"column":67}},{"start":{"line":102,"column":20},"end":{"line":123,"column":46}}],"line":95},"34":{"loc":{"start":{"line":112,"column":24},"end":{"line":122,"column":25}},"type":"if","locations":[{"start":{"line":112,"column":24},"end":{"line":122,"column":25}},{"start":{"line":112,"column":24},"end":{"line":122,"column":25}}],"line":112},"35":{"loc":{"start":{"line":140,"column":16},"end":{"line":492,"column":17}},"type":"switch","locations":[{"start":{"line":141,"column":20},"end":{"line":161,"column":94}},{"start":{"line":162,"column":20},"end":{"line":193,"column":49}},{"start":{"line":194,"column":20},"end":{"line":216,"column":37}},{"start":{"line":217,"column":20},"end":{"line":224,"column":37}},{"start":{"line":225,"column":20},"end":{"line":229,"column":83}},{"start":{"line":230,"column":20},"end":{"line":236,"column":37}},{"start":{"line":237,"column":20},"end":{"line":255,"column":49}},{"start":{"line":256,"column":20},"end":{"line":270,"column":37}},{"start":{"line":271,"column":20},"end":{"line":284,"column":37}},{"start":{"line":285,"column":20},"end":{"line":291,"column":38}},{"start":{"line":292,"column":20},"end":{"line":298,"column":38}},{"start":{"line":299,"column":20},"end":{"line":323,"column":38}},{"start":{"line":324,"column":20},"end":{"line":348,"column":38}},{"start":{"line":349,"column":20},"end":{"line":365,"column":38}},{"start":{"line":366,"column":20},"end":{"line":382,"column":38}},{"start":{"line":383,"column":20},"end":{"line":389,"column":38}},{"start":{"line":390,"column":20},"end":{"line":408,"column":38}},{"start":{"line":409,"column":20},"end":{"line":427,"column":38}},{"start":{"line":428,"column":20},"end":{"line":441,"column":89}},{"start":{"line":442,"column":20},"end":{"line":446,"column":38}},{"start":{"line":447,"column":20},"end":{"line":450,"column":74}},{"start":{"line":451,"column":20},"end":{"line":456,"column":49}},{"start":{"line":457,"column":20},"end":{"line":461,"column":49}},{"start":{"line":462,"column":20},"end":{"line":462,"column":54}},{"start":{"line":463,"column":20},"end":{"line":479,"column":38}},{"start":{"line":480,"column":20},"end":{"line":485,"column":38}},{"start":{"line":486,"column":20},"end":{"line":488,"column":65}},{"start":{"line":489,"column":20},"end":{"line":491,"column":52}}],"line":140},"36":{"loc":{"start":{"line":143,"column":24},"end":{"line":146,"column":25}},"type":"if","locations":[{"start":{"line":143,"column":24},"end":{"line":146,"column":25}},{"start":{"line":143,"column":24},"end":{"line":146,"column":25}}],"line":143},"37":{"loc":{"start":{"line":148,"column":24},"end":{"line":149,"column":57}},"type":"if","locations":[{"start":{"line":148,"column":24},"end":{"line":149,"column":57}},{"start":{"line":148,"column":24},"end":{"line":149,"column":57}}],"line":148},"38":{"loc":{"start":{"line":148,"column":28},"end":{"line":148,"column":146}},"type":"binary-expr","locations":[{"start":{"line":148,"column":28},"end":{"line":148,"column":83}},{"start":{"line":148,"column":87},"end":{"line":148,"column":146}}],"line":148},"39":{"loc":{"start":{"line":153,"column":24},"end":{"line":156,"column":25}},"type":"if","locations":[{"start":{"line":153,"column":24},"end":{"line":156,"column":25}},{"start":{"line":153,"column":24},"end":{"line":156,"column":25}}],"line":153},"40":{"loc":{"start":{"line":163,"column":24},"end":{"line":163,"column":65}},"type":"if","locations":[{"start":{"line":163,"column":24},"end":{"line":163,"column":65}},{"start":{"line":163,"column":24},"end":{"line":163,"column":65}}],"line":163},"41":{"loc":{"start":{"line":165,"column":24},"end":{"line":192,"column":25}},"type":"switch","locations":[{"start":{"line":166,"column":28},"end":{"line":166,"column":74}},{"start":{"line":167,"column":28},"end":{"line":167,"column":67}},{"start":{"line":168,"column":28},"end":{"line":168,"column":67}},{"start":{"line":169,"column":28},"end":{"line":169,"column":68}},{"start":{"line":170,"column":28},"end":{"line":170,"column":69}},{"start":{"line":171,"column":28},"end":{"line":171,"column":67}},{"start":{"line":172,"column":28},"end":{"line":172,"column":68}},{"start":{"line":173,"column":28},"end":{"line":173,"column":68}},{"start":{"line":174,"column":28},"end":{"line":174,"column":68}},{"start":{"line":175,"column":28},"end":{"line":175,"column":75}},{"start":{"line":176,"column":28},"end":{"line":176,"column":70}},{"start":{"line":177,"column":28},"end":{"line":177,"column":66}},{"start":{"line":178,"column":28},"end":{"line":178,"column":76}},{"start":{"line":179,"column":28},"end":{"line":179,"column":66}},{"start":{"line":180,"column":28},"end":{"line":180,"column":71}},{"start":{"line":181,"column":28},"end":{"line":181,"column":78}},{"start":{"line":182,"column":28},"end":{"line":182,"column":74}},{"start":{"line":183,"column":28},"end":{"line":183,"column":66}},{"start":{"line":184,"column":28},"end":{"line":184,"column":75}},{"start":{"line":185,"column":28},"end":{"line":185,"column":66}},{"start":{"line":186,"column":28},"end":{"line":186,"column":70}},{"start":{"line":187,"column":28},"end":{"line":187,"column":71}},{"start":{"line":188,"column":28},"end":{"line":188,"column":77}},{"start":{"line":189,"column":28},"end":{"line":189,"column":66}},{"start":{"line":190,"column":28},"end":{"line":190,"column":79}},{"start":{"line":191,"column":28},"end":{"line":191,"column":72}}],"line":165},"42":{"loc":{"start":{"line":198,"column":28},"end":{"line":213,"column":29}},"type":"if","locations":[{"start":{"line":198,"column":28},"end":{"line":213,"column":29}},{"start":{"line":198,"column":28},"end":{"line":213,"column":29}}],"line":198},"43":{"loc":{"start":{"line":203,"column":33},"end":{"line":213,"column":29}},"type":"if","locations":[{"start":{"line":203,"column":33},"end":{"line":213,"column":29}},{"start":{"line":203,"column":33},"end":{"line":213,"column":29}}],"line":203},"44":{"loc":{"start":{"line":208,"column":32},"end":{"line":212,"column":33}},"type":"if","locations":[{"start":{"line":208,"column":32},"end":{"line":212,"column":33}},{"start":{"line":208,"column":32},"end":{"line":212,"column":33}}],"line":208},"45":{"loc":{"start":{"line":227,"column":24},"end":{"line":227,"column":79}},"type":"if","locations":[{"start":{"line":227,"column":24},"end":{"line":227,"column":79}},{"start":{"line":227,"column":24},"end":{"line":227,"column":79}}],"line":227},"46":{"loc":{"start":{"line":232,"column":24},"end":{"line":235,"column":25}},"type":"if","locations":[{"start":{"line":232,"column":24},"end":{"line":235,"column":25}},{"start":{"line":232,"column":24},"end":{"line":235,"column":25}}],"line":232},"47":{"loc":{"start":{"line":239,"column":24},"end":{"line":244,"column":25}},"type":"if","locations":[{"start":{"line":239,"column":24},"end":{"line":244,"column":25}},{"start":{"line":239,"column":24},"end":{"line":244,"column":25}}],"line":239},"48":{"loc":{"start":{"line":247,"column":24},"end":{"line":251,"column":25}},"type":"if","locations":[{"start":{"line":247,"column":24},"end":{"line":251,"column":25}},{"start":{"line":247,"column":24},"end":{"line":251,"column":25}}],"line":247},"49":{"loc":{"start":{"line":260,"column":28},"end":{"line":267,"column":29}},"type":"if","locations":[{"start":{"line":260,"column":28},"end":{"line":267,"column":29}},{"start":{"line":260,"column":28},"end":{"line":267,"column":29}}],"line":260},"50":{"loc":{"start":{"line":274,"column":28},"end":{"line":281,"column":29}},"type":"if","locations":[{"start":{"line":274,"column":28},"end":{"line":281,"column":29}},{"start":{"line":274,"column":28},"end":{"line":281,"column":29}}],"line":274},"51":{"loc":{"start":{"line":304,"column":28},"end":{"line":318,"column":29}},"type":"if","locations":[{"start":{"line":304,"column":28},"end":{"line":318,"column":29}},{"start":{"line":304,"column":28},"end":{"line":318,"column":29}}],"line":304},"52":{"loc":{"start":{"line":309,"column":32},"end":{"line":317,"column":33}},"type":"if","locations":[{"start":{"line":309,"column":32},"end":{"line":317,"column":33}},{"start":{"line":309,"column":32},"end":{"line":317,"column":33}}],"line":309},"53":{"loc":{"start":{"line":309,"column":36},"end":{"line":309,"column":110}},"type":"binary-expr","locations":[{"start":{"line":309,"column":36},"end":{"line":309,"column":71}},{"start":{"line":309,"column":75},"end":{"line":309,"column":110}}],"line":309},"54":{"loc":{"start":{"line":329,"column":28},"end":{"line":343,"column":29}},"type":"if","locations":[{"start":{"line":329,"column":28},"end":{"line":343,"column":29}},{"start":{"line":329,"column":28},"end":{"line":343,"column":29}}],"line":329},"55":{"loc":{"start":{"line":334,"column":32},"end":{"line":342,"column":33}},"type":"if","locations":[{"start":{"line":334,"column":32},"end":{"line":342,"column":33}},{"start":{"line":334,"column":32},"end":{"line":342,"column":33}}],"line":334},"56":{"loc":{"start":{"line":334,"column":36},"end":{"line":334,"column":110}},"type":"binary-expr","locations":[{"start":{"line":334,"column":36},"end":{"line":334,"column":71}},{"start":{"line":334,"column":75},"end":{"line":334,"column":110}}],"line":334},"57":{"loc":{"start":{"line":353,"column":28},"end":{"line":360,"column":29}},"type":"if","locations":[{"start":{"line":353,"column":28},"end":{"line":360,"column":29}},{"start":{"line":353,"column":28},"end":{"line":360,"column":29}}],"line":353},"58":{"loc":{"start":{"line":353,"column":32},"end":{"line":353,"column":96}},"type":"binary-expr","locations":[{"start":{"line":353,"column":32},"end":{"line":353,"column":61}},{"start":{"line":353,"column":65},"end":{"line":353,"column":96}}],"line":353},"59":{"loc":{"start":{"line":357,"column":33},"end":{"line":360,"column":29}},"type":"if","locations":[{"start":{"line":357,"column":33},"end":{"line":360,"column":29}},{"start":{"line":357,"column":33},"end":{"line":360,"column":29}}],"line":357},"60":{"loc":{"start":{"line":357,"column":37},"end":{"line":357,"column":103}},"type":"binary-expr","locations":[{"start":{"line":357,"column":37},"end":{"line":357,"column":67}},{"start":{"line":357,"column":71},"end":{"line":357,"column":103}}],"line":357},"61":{"loc":{"start":{"line":371,"column":28},"end":{"line":377,"column":29}},"type":"if","locations":[{"start":{"line":371,"column":28},"end":{"line":377,"column":29}},{"start":{"line":371,"column":28},"end":{"line":377,"column":29}}],"line":371},"62":{"loc":{"start":{"line":395,"column":28},"end":{"line":403,"column":29}},"type":"if","locations":[{"start":{"line":395,"column":28},"end":{"line":403,"column":29}},{"start":{"line":395,"column":28},"end":{"line":403,"column":29}}],"line":395},"63":{"loc":{"start":{"line":414,"column":28},"end":{"line":422,"column":29}},"type":"if","locations":[{"start":{"line":414,"column":28},"end":{"line":422,"column":29}},{"start":{"line":414,"column":28},"end":{"line":422,"column":29}}],"line":414},"64":{"loc":{"start":{"line":432,"column":24},"end":{"line":438,"column":25}},"type":"if","locations":[{"start":{"line":432,"column":24},"end":{"line":438,"column":25}},{"start":{"line":432,"column":24},"end":{"line":438,"column":25}}],"line":432},"65":{"loc":{"start":{"line":445,"column":24},"end":{"line":445,"column":109}},"type":"if","locations":[{"start":{"line":445,"column":24},"end":{"line":445,"column":109}},{"start":{"line":445,"column":24},"end":{"line":445,"column":109}}],"line":445},"66":{"loc":{"start":{"line":467,"column":28},"end":{"line":474,"column":29}},"type":"if","locations":[{"start":{"line":467,"column":28},"end":{"line":474,"column":29}},{"start":{"line":467,"column":28},"end":{"line":474,"column":29}}],"line":467},"67":{"loc":{"start":{"line":467,"column":32},"end":{"line":467,"column":96}},"type":"binary-expr","locations":[{"start":{"line":467,"column":32},"end":{"line":467,"column":61}},{"start":{"line":467,"column":65},"end":{"line":467,"column":96}}],"line":467},"68":{"loc":{"start":{"line":471,"column":33},"end":{"line":474,"column":29}},"type":"if","locations":[{"start":{"line":471,"column":33},"end":{"line":474,"column":29}},{"start":{"line":471,"column":33},"end":{"line":474,"column":29}}],"line":471},"69":{"loc":{"start":{"line":471,"column":37},"end":{"line":471,"column":103}},"type":"binary-expr","locations":[{"start":{"line":471,"column":37},"end":{"line":471,"column":67}},{"start":{"line":471,"column":71},"end":{"line":471,"column":103}}],"line":471},"70":{"loc":{"start":{"line":506,"column":16},"end":{"line":515,"column":17}},"type":"switch","locations":[{"start":{"line":507,"column":20},"end":{"line":513,"column":81}},{"start":{"line":514,"column":20},"end":{"line":514,"column":61}}],"line":506},"71":{"loc":{"start":{"line":509,"column":24},"end":{"line":512,"column":25}},"type":"if","locations":[{"start":{"line":509,"column":24},"end":{"line":512,"column":25}},{"start":{"line":509,"column":24},"end":{"line":512,"column":25}}],"line":509},"72":{"loc":{"start":{"line":527,"column":16},"end":{"line":539,"column":17}},"type":"switch","locations":[{"start":{"line":528,"column":20},"end":{"line":534,"column":70}},{"start":{"line":535,"column":20},"end":{"line":537,"column":37}},{"start":{"line":538,"column":20},"end":{"line":538,"column":50}}],"line":527},"73":{"loc":{"start":{"line":532,"column":24},"end":{"line":532,"column":60}},"type":"if","locations":[{"start":{"line":532,"column":24},"end":{"line":532,"column":60}},{"start":{"line":532,"column":24},"end":{"line":532,"column":60}}],"line":532}},"s":{"0":1,"1":0,"2":0,"3":0,"4":0,"5":0,"6":0,"7":0,"8":0,"9":0,"10":0,"11":0,"12":1,"13":0,"14":0,"15":0,"16":0,"17":0,"18":0,"19":0,"20":0,"21":0,"22":0,"23":0,"24":0,"25":0,"26":0,"27":0,"28":0,"29":0,"30":0,"31":0,"32":0,"33":0,"34":0,"35":0,"36":0,"37":0,"38":0,"39":0,"40":0,"41":0,"42":0,"43":0,"44":0,"45":0,"46":0,"47":0,"48":0,"49":0,"50":0,"51":0,"52":0,"53":0,"54":0,"55":0,"56":0,"57":0,"58":0,"59":0,"60":0,"61":0,"62":0,"63":0,"64":0,"65":0,"66":1,"67":8,"68":1,"69":1,"70":1,"71":1,"72":1,"73":1,"74":1,"75":1,"76":1,"77":1,"78":6,"79":6,"80":6,"81":6,"82":0,"83":6,"84":0,"85":6,"86":0,"87":6,"88":0,"89":0,"90":0,"91":6,"92":6,"93":6,"94":6,"95":6,"96":6,"97":6,"98":6,"99":6,"100":6,"101":6,"102":6,"103":1,"104":0,"105":0,"106":0,"107":0,"108":0,"109":0,"110":0,"111":0,"112":0,"113":0,"114":0,"115":0,"116":0,"117":0,"118":0,"119":0,"120":0,"121":0,"122":0,"123":0,"124":0,"125":0,"126":1,"127":0,"128":0,"129":0,"130":0,"131":0,"132":0,"133":0,"134":0,"135":0,"136":0,"137":0,"138":0,"139":0,"140":0,"141":0,"142":0,"143":0,"144":0,"145":0,"146":0,"147":0,"148":0,"149":0,"150":0,"151":0,"152":0,"153":0,"154":0,"155":0,"156":0,"157":0,"158":0,"159":0,"160":0,"161":0,"162":0,"163":0,"164":0,"165":0,"166":0,"167":0,"168":0,"169":0,"170":0,"171":0,"172":0,"173":0,"174":0,"175":0,"176":0,"177":0,"178":0,"179":0,"180":0,"181":0,"182":0,"183":0,"184":0,"185":0,"186":0,"187":0,"188":0,"189":0,"190":0,"191":0,"192":0,"193":0,"194":0,"195":0,"196":0,"197":0,"198":0,"199":0,"200":0,"201":0,"202":0,"203":0,"204":0,"205":0,"206":0,"207":0,"208":0,"209":0,"210":0,"211":0,"212":0,"213":0,"214":0,"215":0,"216":0,"217":0,"218":0,"219":0,"220":0,"221":0,"222":0,"223":0,"224":0,"225":0,"226":0,"227":0,"228":0,"229":0,"230":0,"231":0,"232":0,"233":0,"234":0,"235":0,"236":0,"237":0,"238":0,"239":0,"240":0,"241":0,"242":0,"243":0,"244":0,"245":0,"246":0,"247":0,"248":0,"249":0,"250":0,"251":0,"252":0,"253":0,"254":0,"255":0,"256":0,"257":0,"258":0,"259":0,"260":0,"261":0,"262":0,"263":0,"264":0,"265":0,"266":0,"267":0,"268":0,"269":0,"270":0,"271":0,"272":0,"273":0,"274":0,"275":0,"276":0,"277":0,"278":0,"279":0,"280":0,"281":0,"282":0,"283":0,"284":0,"285":0,"286":0,"287":0,"288":0,"289":0,"290":0,"291":0,"292":0,"293":0,"294":0,"295":0,"296":0,"297":0,"298":0,"299":0,"300":0,"301":0,"302":0,"303":0,"304":0,"305":0,"306":0,"307":0,"308":0,"309":0,"310":0,"311":0,"312":0,"313":0,"314":0,"315":0,"316":0,"317":0,"318":0,"319":0,"320":0,"321":0,"322":0,"323":0,"324":0,"325":0,"326":0,"327":0,"328":0,"329":0,"330":0,"331":0,"332":0,"333":0,"334":0,"335":0,"336":0,"337":0,"338":0,"339":0,"340":0,"341":0,"342":0,"343":0,"344":0,"345":0,"346":0,"347":0,"348":0,"349":0,"350":0,"351":0,"352":0,"353":0,"354":0,"355":0,"356":0,"357":0,"358":0,"359":0,"360":0,"361":0,"362":0,"363":0,"364":0,"365":0,"366":0,"367":0,"368":0,"369":0,"370":0,"371":0,"372":1,"373":0,"374":0,"375":0,"376":0,"377":0,"378":0,"379":0,"380":0,"381":0,"382":1,"383":0,"384":0,"385":0,"386":0,"387":0,"388":0,"389":0,"390":0,"391":0,"392":0,"393":0,"394":0,"395":0,"396":1,"397":1},"f":{"0":0,"1":0,"2":0,"3":0,"4":0,"5":0,"6":0,"7":0,"8":0,"9":0,"10":0,"11":0,"12":0,"13":8,"14":1,"15":6,"16":0,"17":0,"18":0,"19":0,"20":0,"21":0,"22":0,"23":0,"24":0,"25":0,"26":0,"27":0,"28":0,"29":0,"30":0,"31":0,"32":0,"33":0},"b":{"0":[1,1,1],"1":[0,0],"2":[0,0],"3":[0,0],"4":[0,0],"5":[1,1,1],"6":[0,0],"7":[0,0],"8":[0,0],"9":[0,0],"10":[0,0,0],"11":[0,0],"12":[0,0],"13":[0,0],"14":[0,0],"15":[0,0],"16":[0,0,0,0,0,0],"17":[0,0],"18":[0,0,0],"19":[0,0],"20":[0,0],"21":[0,0,0,0],"22":[0,0],"23":[0,0],"24":[0,0],"25":[0,0],"26":[0,0],"27":[0,0],"28":[0,0],"29":[1,1,1],"30":[6,2],"31":[8,8],"32":[0,0],"33":[0,0],"34":[0,0],"35":[0,0,0,0,0,0,0,0,0,0,0,0,0,0,0,0,0,0,0,0,0,0,0,0,0,0,0,0],"36":[0,0],"37":[0,0],"38":[0,0],"39":[0,0],"40":[0,0],"41":[0,0,0,0,0,0,0,0,0,0,0,0,0,0,0,0,0,0,0,0,0,0,0,0,0,0],"42":[0,0],"43":[0,0],"44":[0,0],"45":[0,0],"46":[0,0],"47":[0,0],"48":[0,0],"49":[0,0],"50":[0,0],"51":[0,0],"52":[0,0],"53":[0,0],"54":[0,0],"55":[0,0],"56":[0,0],"57":[0,0],"58":[0,0],"59":[0,0],"60":[0,0],"61":[0,0],"62":[0,0],"63":[0,0],"64":[0,0],"65":[0,0],"66":[0,0],"67":[0,0],"68":[0,0],"69":[0,0],"70":[0,0],"71":[0,0],"72":[0,0,0],"73":[0,0]},"inputSourceMap":{"version":3,"file":"GuildHandler.js","sourceRoot":"","sources":["../../src/guildHandler/GuildHandler.ts"],"names":[],"mappings":";;;;;;;;;;;;;;;;;;;;;;;;;;;;;;;;;;;;;;;;;AAAA,8CAAwB;AACxB,0DAAiC;AAMjC,uDAAiC;AACjC,0EAAoD;AACpD,qFAA+D;AAC/D,4EAAsD;AACtD,6DAAuC;AACvC,+DAAyC;AAGzC;;;;GAIG;AACH;IAsBC;;;OAGG;IACH,sBACC,EAAU,EACV,MAAsB,EACtB,SAAyB,EACzB,WAAgC,EAChC,QAAwB,EACxB,SAAoC;QAxBrC,UAAK,GAAG,KAAK,CAAC,CAAO,mBAAmB;QA0BvC,gBAAgB;QAChB,IAAM,QAAQ,GAAG,cAAI,CAAC,QAAQ,CAAC,UAAU,CAAC,CAAC;QAC3C,IAAI,CAAC,MAAM,GAAG,MAAM,CAAC;QACrB,IAAI,CAAC,KAAK,GAAG,UAAC,GAAG,IAAO,MAAM,CAAC,KAAK,CAAC,qBAAc,QAAQ,eAAK,GAAG,CAAE,CAAC,CAAC,CAAC,CAAC,CAAC;QAC1E,IAAI,CAAC,IAAI,GAAG,UAAC,GAAG,IAAO,MAAM,CAAC,IAAI,CAAC,GAAG,CAAC,CAAC,CAAC,CAAC,CAAC;QAC3C,IAAI,CAAC,IAAI,GAAG,UAAC,GAAG,IAAO,MAAM,CAAC,IAAI,CAAC,qBAAc,QAAQ,eAAK,GAAG,CAAE,CAAC,CAAC,CAAC,CAAC,CAAC;QACxE,IAAI,CAAC,KAAK,GAAG,UAAC,GAAG,EAAE,KAAmB;YAAnB,sBAAA,EAAA,YAAY,KAAK,EAAE;YAAO,MAAM,CAAC,KAAK,CAAC,qBAAc,QAAQ,eAAK,GAAG,CAAE,EAAE,KAAK,CAAC,CAAC;QAAC,CAAC,CAAC,CAAE,iFAAiF;QAEzL,IAAI,CAAC,EAAE,GAAG,EAAE,CAAC;QACb,IAAI,CAAC,GAAG,GAAG,SAAS,CAAC;QACrB,IAAI,CAAC,QAAQ,GAAG,WAAW,CAAC;QAC5B,IAAI,CAAC,KAAK,GAAG,QAAQ,CAAC;QACtB,IAAI,CAAC,MAAM,GAAG,SAAS,CAAC;QAExB,0BAA0B;QAC1B,IAAI,CAAC,IAAI,GAAG,IAAI,mBAAS,CAAC,IAAI,CAAC,CAAC;QAChC,IAAI,CAAC,EAAE,GAAG,IAAI,YAAE,CAAC,IAAI,CAAC,CAAC;QACvB,IAAI,CAAC,QAAQ,GAAG,IAAI,kBAAQ,CAAC,IAAI,CAAC,CAAC;QACnC,IAAI,CAAC,KAAK,GAAG,IAAI,eAAK,CAAC,IAAI,CAAC,CAAC;QAC7B,IAAI,CAAC,WAAW,GAAG,IAAI,2BAAiB,CAAC,IAAI,CAAC,CAAC;QAC/C,IAAI,CAAC,MAAM,GAAG,IAAI,gBAAM,CAAC,IAAI,CAAC,CAAC;QAE/B,uBAAuB;QACvB,IAAI,CAAC,KAAK,GAAG,IAAI,CAAC,GAAG,CAAC,MAAM,CAAC,KAAK,CAAC,GAAG,CAAC,IAAI,CAAC,EAAE,CAAC,CAAC;IACjD,CAAC;IAED;;;OAGG;IACG,kCAAW,GAAjB;;;;;;wBACC,IAAI,CAAC,IAAI,CAAC,mDAA4C,IAAI,CAAC,EAAE,CAAE,CAAC,CAAC;wBAEjE,uBAAuB;wBACvB,IAAI,CAAC,MAAM,CAAC,OAAO,CAAC,kBAAkB,CAAC,CAAC;wBACxC,IAAI,CAAC,KAAK,CAAC,oCAAoC,CAAC,CAAC;wBACjD,qBAAM,IAAI,CAAC,IAAI,CAAC,QAAQ,EAAE,EAAA;;wBAA1B,SAA0B,CAAC;wBAC3B,IAAI,CAAC,MAAM,CAAC,OAAO,CAAC,kBAAkB,CAAC,CAAC;wBACxC,IAAI,CAAC,IAAI,CAAC,+CAA+C,CAAC,CAAC;wBAE3D,kBAAkB;wBAClB,IAAI,CAAC,KAAK,CAAC,eAAe,EAAE,CAAC;wBAC7B,IAAI,CAAC,IAAI,CAAC,kBAAkB,CAAC,eAAe,CAAC,IAAI,CAAC,KAAK,CAAC,CAAC;wBAEzD,mBAAmB;wBACnB,IAAI,CAAC,KAAK,GAAG,IAAI,CAAC;wBAElB,wCAAwC;wBACxC,IAAI,CAAC,IAAI,CAAC,IAAI,CAAC,aAAa,CAAC,UAAU,EAAE;4BACxC,IAAI,CAAC,IAAI,CAAC,4DAAoD,IAAI,CAAC,IAAI,CAAC,aAAa,CAAC,MAAM,0BAAsB,CAAC,CAAC;4BAG9G,cAAc,GAAG,IAAI,CAAC,KAAK,CAAC,QAAQ,CAAC,KAAK,CAAC,MAAM,CAAC,UAAC,OAAO,IAAK,OAAA,OAAO,CAAC,IAAI,KAAK,YAAY,EAA7B,CAA6B,CAAC,CAAC,KAAK,EAAE,CAAC;4BAC5G,IAAI,CAAC,KAAK,CAAC,yCAAkC,cAAc,CAAC,EAAE,+BAA4B,CAAC,CAAC;4BAC5F,IAAI,CAAC,EAAE,CAAC,gBAAgB,CAAC,yCAAiC,IAAI,CAAC,IAAI,CAAC,aAAa,CAAC,MAAM,wDAAoD,CAAC,CAAC;yBAC9I;6BACI;4BACJ,oBAAoB;4BACpB,IAAI,CAAC,KAAK,CAAC,0DAAmD,IAAI,CAAC,IAAI,CAAC,aAAa,CAAC,SAAS,MAAG,CAAC,CAAC;4BACpG,IAAI,CAAC,EAAE,CAAC,MAAM,CAAC,IAAI,CAAC,CAAC;yBACrB;;;;;KACD;IAED;;;;;;OAMG;IACG,qCAAc,GAApB,UAAqB,OAAoB;;;;;;;wBACxC,gCAAgC;wBAChC,IAAI,CAAC,IAAI,CAAC,KAAK,EAAE;4BAChB,IAAI,CAAC,KAAK,CAAC,uMAAuM,CAAC,CAAC;4BACpN,sBAAO,KAAK,EAAC;yBACb;wBACD,iCAAiC;wBACjC,IAAI,OAAO,CAAC,SAAS,KAAK,IAAI,CAAC,IAAI,CAAC,aAAa,CAAC,SAAS,IAAI,OAAO,CAAC,OAAO,CAAC,WAAW,EAAE,CAAC,OAAO,CAAC,aAAa,CAAC,KAAK,CAAC,CAAC;4BAAE,sBAAO,KAAK,EAAC;wBAEzI,0CAA0C;wBAC1C,OAAO,CAAC,OAAO,GAAG,OAAO,CAAC,OAAO,CAAC,WAAW,EAAE,CAAC;wBAC5C,MAAM,GAAG,KAAK,CAAC;wBACnB,IAAI,OAAO,CAAC,OAAO,CAAC,UAAU,CAAC,IAAI,CAAC,IAAI,CAAC,aAAa,CAAC,MAAM,CAAC,E
[...]
ine":408,"column":36},"end":{"line":417,"column":103}},{"start":{"line":418,"column":36},"end":{"line":424,"column":64}},{"start":{"line":425,"column":36},"end":{"line":431,"column":64}},{"start":{"line":432,"column":36},"end":{"line":437,"column":53}},{"start":{"line":438,"column":36},"end":{"line":438,"column":72}},{"start":{"line":439,"column":36},"end":{"line":442,"column":69}},{"start":{"line":443,"column":36},"end":{"line":443,"column":67}}],"line":384},"62":{"loc":{"start":{"line":390,"column":40},"end":{"line":394,"column":41}},"type":"switch","locations":[{"start":{"line":391,"column":44},"end":{"line":391,"column":83}},{"start":{"line":392,"column":44},"end":{"line":392,"column":84}},{"start":{"line":393,"column":44},"end":{"line":393,"column":85}}],"line":390},"63":{"loc":{"start":{"line":415,"column":40},"end":{"line":415,"column":95}},"type":"if","locations":[{"start":{"line":415,"column":40},"end":{"line":415,"column":95}},{"start":{"line":415,"column":40},"end":{"line":415,"column":95}}],"line":415},"64":{"loc":{"start":{"line":421,"column":40},"end":{"line":423,"column":41}},"type":"if","locations":[{"start":{"line":421,"column":40},"end":{"line":423,"column":41}},{"start":{"line":421,"column":40},"end":{"line":423,"column":41}}],"line":421},"65":{"loc":{"start":{"line":427,"column":40},"end":{"line":430,"column":41}},"type":"if","locations":[{"start":{"line":427,"column":40},"end":{"line":430,"column":41}},{"start":{"line":427,"column":40},"end":{"line":430,"column":41}}],"line":427},"66":{"loc":{"start":{"line":460,"column":24},"end":{"line":469,"column":25}},"type":"if","locations":[{"start":{"line":460,"column":24},"end":{"line":469,"column":25}},{"start":{"line":460,"column":24},"end":{"line":469,"column":25}}],"line":460},"67":{"loc":{"start":{"line":463,"column":28},"end":{"line":465,"column":29}},"type":"if","locations":[{"start":{"line":463,"column":28},"end":{"line":465,"column":29}},{"start":{"line":463,"column":28},"end":{"line":465,"column":29}}],"line":463},"68":{"loc":{"start":{"line":473,"column":24},"end":{"line":473,"column":78}},"type":"if","locations":[{"start":{"line":473,"column":24},"end":{"line":473,"column":78}},{"start":{"line":473,"column":24},"end":{"line":473,"column":78}}],"line":473},"69":{"loc":{"start":{"line":480,"column":24},"end":{"line":482,"column":25}},"type":"if","locations":[{"start":{"line":480,"column":24},"end":{"line":482,"column":25}},{"start":{"line":480,"column":24},"end":{"line":482,"column":25}}],"line":480},"70":{"loc":{"start":{"line":489,"column":24},"end":{"line":504,"column":25}},"type":"if","locations":[{"start":{"line":489,"column":24},"end":{"line":504,"column":25}},{"start":{"line":489,"column":24},"end":{"line":504,"column":25}}],"line":489}},"s":{"0":1,"1":1,"2":1,"3":0,"4":0,"5":0,"6":0,"7":1,"8":1,"9":1,"10":0,"11":1,"12":1,"13":1,"14":1,"15":0,"16":0,"17":0,"18":0,"19":0,"20":0,"21":0,"22":0,"23":0,"24":0,"25":0,"26":1,"27":0,"28":0,"29":0,"30":0,"31":0,"32":0,"33":0,"34":0,"35":0,"36":0,"37":0,"38":0,"39":0,"40":0,"41":0,"42":0,"43":0,"44":0,"45":0,"46":0,"47":0,"48":0,"49":0,"50":0,"51":0,"52":0,"53":0,"54":0,"55":0,"56":0,"57":0,"58":0,"59":0,"60":0,"61":0,"62":0,"63":0,"64":0,"65":0,"66":0,"67":0,"68":0,"69":0,"70":0,"71":0,"72":0,"73":0,"74":0,"75":0,"76":0,"77":0,"78":0,"79":0,"80":1,"81":5,"82":1,"83":1,"84":1,"85":1,"86":1,"87":1,"88":1,"89":1,"90":1,"91":1,"92":1,"93":1,"94":1,"95":1,"96":1,"97":6,"98":1,"99":0,"100":0,"101":0,"102":0,"103":0,"104":0,"105":0,"106":0,"107":0,"108":0,"109":0,"110":0,"111":0,"112":0,"113":0,"114":0,"115":0,"116":0,"117":0,"118":0,"119":0,"120":0,"121":0,"122":0,"123":0,"124":0,"125":0,"126":0,"127":0,"128":0,"129":0,"130":0,"131":0,"132":0,"133":0,"134":0,"135":0,"136":0,"137":1,"138":0,"139":0,"140":0,"141":0,"142":0,"143":0,"144":0,"145":0,"146":0,"147":0,"148":0,"149":0,"150":0,"151":0,"152":0,"153":0,"154":1,"155":0,"156":0,"157":0,"158":0,"159":0,"160":0,"161":0,"162":0,"163":0,"164":0,"165":0,"166":0,"167":0,"168":0,"169":0,"170":0,"171":1,"172":0,"173":0,"174":0,"175":0,"176":0,"177":0,"178":0,"179":0,"180":0,"181":0,"182":0,"183":0,"184":0,"185":0,"186":0,"187":0,"188":0,"189":0,"190":0,"191":0,"192":0,"193":0,"194":0,"195":0,"196":0,"197":0,"198":0,"199":0,"200":0,"201":0,"202":0,"203":0,"204":0,"205":0,"206":0,"207":0,"208":0,"209":0,"210":0,"211":0,"212":0,"213":0,"214":0,"215":0,"216":0,"217":0,"218":0,"219":0,"220":0,"221":0,"222":1,"223":0,"224":0,"225":0,"226":0,"227":0,"228":0,"229":0,"230":0,"231":0,"232":0,"233":0,"234":0,"235":0,"236":0,"237":0,"238":0,"239":0,"240":0,"241":0,"242":0,"243":0,"244":0,"245":0,"246":0,"247":0,"248":0,"249":0,"250":0,"251":0,"252":0,"253":0,"254":0,"255":0,"256":0,"257":0,"258":0,"259":0,"260":0,"261":0,"262":0,"263":0,"264":0,"265":0,"266":0,"267":0,"268":0,"269":0,"270":0,"271":0,"272":0,"273":0,"274":0,"275":0,"276":0,"277":0,"278":0,"279":0,"280":0,"281":0,"282":0,"283":0,"284":0,"285":0,"286":0,"287":0,"288":0,"289":0,"290":0,"291":0,"292":0,"293":0,"294":0,"295":0,"296":0,"297":0,"298":0,"299":0,"300":0,"301":0,"302":0,"303":0,"304":0,"305":0,"306":0,"307":0,"308":0,"309":0,"310":0,"311":0,"312":0,"313":0,"314":0,"315":0,"316":0,"317":0,"318":0,"319":0,"320":0,"321":1,"322":1},"f":{"0":1,"1":1,"2":0,"3":0,"4":1,"5":1,"6":0,"7":0,"8":0,"9":0,"10":0,"11":0,"12":0,"13":0,"14":0,"15":0,"16":0,"17":0,"18":0,"19":5,"20":1,"21":6,"22":0,"23":0,"24":0,"25":0,"26":0,"27":0,"28":0,"29":0,"30":0,"31":0,"32":0,"33":0,"34":0,"35":0,"36":0,"37":0,"38":0,"39":0},"b":{"0":[1,1,1],"1":[1,0,0,0],"2":[0,0],"3":[0,1],"4":[1,0],"5":[0,1],"6":[1,1,1],"7":[0,0],"8":[0,0],"9":[0,0],"10":[0,0],"11":[1,1,1],"12":[0,0],"13":[0,0],"14":[0,0],"15":[0,0],"16":[0,0,0],"17":[0,0],"18":[0,0],"19":[0,0],"20":[0,0],"21":[0,0],"22":[0,0,0,0,0,0],"23":[0,0],"24":[0,0,0],"25":[0,0],"26":[0,0],"27":[0,0,0,0],"28":[0,0],"29":[0,0],"30":[0,0],"31":[0,0],"32":[0,0],"33":[0,0],"34":[0,0],"35":[1,1,1],"36":[3,2],"37":[5,5],"38":[6,6],"39":[0,0,0,0],"40":[0,0],"41":[0,0],"42":[0,0,0,0],"43":[0,0],"44":[0,0,0,0],"45":[0,0],"46":[0,0],"47":[0,0],"48":[0,0],"49":[0,0],"50":[0,0],"51":[0,0],"52":[0,0],"53":[0,0],"54":[0,0],"55":[0,0],"56":[0,0],"57":[0,0],"58":[0,0],"59":[0,0,0,0,0,0,0,0,0],"60":[0,0],"61":[0,0,0,0,0,0,0,0,0,0,0,0],"62":[0,0,0],"63":[0,0],"64":[0,0],"65":[0,0],"66":[0,0],"67":[0,0],"68":[0,0],"69":[0,0],"70":[0,0]},"inputSourceMap":{"version":3,"file":"Search.js","sourceRoot":"","sources":["../../../src/guildHandler/Components/Search.ts"],"names":[],"mappings":";;;;;;;;;;;;;;;;;;;;;;;;;;;;;;;;;;;;;;;;;;;;;;;;;;;;;;;;AAAA,0DAAiC;AACjC,8CAAwB;AACxB,gCAAmC;AACnC,2BAA8B;AAC9B,2BAA8B;AAE9B,2BAA4B;AAI5B,sFAAgE;AAChE,8EAAwD;AACxD,oEAA8C;AAsB9C,IAAM,cAAc,GAAG,QAAQ,CAAC,OAAO,CAAC,GAAG,CAAC,cAAc,CAAC,CAAC;AAC5D,IAAM,cAAc,GAAG,QAAQ,CAAC,OAAO,CAAC,GAAG,CAAC,cAAc,CAAC,CAAC;AAC5D,IAAM,oBAAoB,GAAG,QAAQ,CAAC,OAAO,CAAC,GAAG,CAAC,oBAAoB,CAAC,CAAC;AAExE;;;;GAIG;AACH;IAAoC,0BAAc;IAGjD;;OAEG;IACH,gBAAY,YAA0B;eAAI,kBAAM,YAAY,EAAE,cAAI,CAAC,QAAQ,CAAC,UAAU,CAAC,CAAC;IAAE,CAAC;IAE3F;;;;;OAKG;IACW,6BAAY,GAA1B,UAA2B,YAAoB;;;;;;;;;wBAE7C,IAAI,CAAC,KAAK,CAAC,kDAA2C,YAAY,MAAG,CAAC,CAAC;wBACjE,aAAa,GAAkB;4BACpC,YAAY,cAAA;4BACZ,KAAK,EAAE,EAAE;4BACT,OAAO,EAAE;gCACR,OAAO,EAAE,IAAI;gCACb,OAAO,EAAE,IAAI;gCACb,QAAQ,EAAE,IAAI;6BACd;yBACD,CAAC;wBAEF,IAAI,CAAC,KAAK,CAAC,0BAA0B,CAAC,CAAC;wBACjC,YAAY,GAAG,IAAI,CAAC,IAAI,CAAC,aAAa,CAAC,WAAW,CAAC,YAAY,CAAC,CAAC;wBACvE,iBAAiB;wBACjB,aAAa,CAAC,OAAO,CAAC,OAAO,GAAG;4BAC/B,GAAG,EAAE,aAAa,CAAC,KAAK,CAAC,MAAM;4BAC/B,KAAK,EAAE,YAAY,CAAC,EAAE,CAAC,MAAM;yBAC7B,CAAC;wBACF,CAAA,KAAA,aAAa,CAAC,KAAK,CAAA,CAAC,IAAI,WAAI,YAAY,CAAC,EAAE,EAAE;wBAC7C,aAAa,CAAC,OAAO,CAAC,OAAO,GAAG;4BAC/B,GAAG,EAAE,aAAa,CAAC,KAAK,CAAC,MAAM;4BAC/B,KAAK,EAAE,YAAY,CAAC,EAAE,CAAC,MAAM;yBAC7B,CAAC;wBACF,CAAA,KAAA,aAAa,CAAC,KAAK,CAAA,CAAC,IAAI,WAAI,YAAY,CAAC,EAAE,EAAE;wBAC7C,IAAI,CAAC,KAAK,CAAC,yBAAkB,YAAY,CAAC,EAAE,CAAC,MAAM,wCAAqC,CAAC,CAAC;wBAC1F,IAAI,CAAC,KAAK,CAAC,yBAAkB,YAAY,CAAC,EAAE,CAAC,MAAM,mCAAgC,CAAC,CAAC;wBAErF,IAAI,CAAC,KAAK,CAAC,sBAAsB,CAAC,CAAC;wBACf,qBAAM,IAAI,CAAC,YAAY,EAAE,EAAE,KAAK,EAAE,cAAc,EAAE,CAAC,EAAA;;wBAAjE,WAAW,GAAG,SAAmD;wBAEjE,iBAAiB,GAAiB,WAAW,CAAC,KAAK,CAAC,MAAM,CAAC,UAAC,MAAM,IAAK,OAAA,MAAM,CAAC,IAAI,KAAK,OAAO,IAAI,CAAC,MAAM,CAAC,UAAU,EAA7C,CAA6C,CAAiB,CAAC;wBAC5I,IAAI,CAAC,KAAK,CAAC,yBAAkB,iBAAiB,CAAC,MAAM,0BAAuB,CAAC,CAAC;wBAC9E,iBAAiB;wBACjB,aAAa,CAAC,OAAO,CAAC,QAAQ,GAAG;4BAChC,GAAG,EAAE,aAAa,CAAC,KAAK,CAAC,MAAM;4BAC/B,KAAK,EAAE,iBAAiB,CAAC,MAAM;yBAC/B,CAAC;wBACF,CAAA,KAAA,aAAa,CAAC,KAAK,CAAA,CAAC,IAAI,WAAI,iBAAiB,CAAC,GAAG,CAAC,UAAC,MAAM;4BACxD,IAAI,WAAW,GAAG,CAAC,CAAC;4BAEpB,IAAI,MAAM,CAAC,QAAQ,EAAE;gCACpB,IAAM,aAAa,GAAG,MAAM,CAAC,QAAQ,CAAC,KAAK,CAAC,GAAG,CAAC,CAAC;gCACjD,IAAM,mBAAmB,GAAG,CAAC,CAAC,EAAE,EAAE,EAAE,IAAI,EAAE,KAAK,CAAC,CAAC;gCACjD,IAAI,eAAe,GAAG,CAAC,CAAC;gCACxB,KAAK,IAAI,CAAC,GAAG,aAAa,CAAC,MAAM,GAAG,CAAC,EAAE,CAAC,IAAI,CAAC,EAAE,CAAC,EAAE,EAAE;oCACnD,WAAW,IAAI,QAAQ,CAAC,aAAa,CAAC,CAAC,CAAC,CAAC,GAAG,mBAAmB,CAAC,eAAe,CAAC,CAAC;oCACjF,eAAe,EAAE,CAAC;iCAClB;6BACD;4BAED,OAAO,IAAI,gBAAM,CAAC,KAAI,CAAC,YAAY,EAAE;gCACpC,KAAK,EAAE,MAAM,CAAC,KAAK;gCACnB,GAAG,EAAE,MAAM,CAAC,GAAG;gCACf,YAAY,EAAE,MAAM,CAAC,aAAa,CAAC,GAAG;gCACtC,MAAM,EAAE,MAAM,CAAC,MAAM,CAAC,IAAI;gCAC1B,QAAQ,EAAE,WAAW;gCACrB,IAAI,EAAE,MAAM,CAAC,MAAM;6BACnB,CAAC,CAAC;wBACJ,CAAC,CAAC,EAAE;wBACJ,sBAAO,aAAa,EAAC;;;wBAGrB,IAAI,CAAC,KAAK,CAAC,iBAAU,OAAK,CAAC,OAAO,6DAAmD,YAAY,uBAAa,OAAK,CAAC,KAAK,MAAG,CAAC,CAAC;wBAC9H,sBAAO,SAAS,EAAC;;;;;KAElB;IAED;;;;;OAKG;IACW,+BAAc,GAA5B,UAA6B,GAAW;;;;;;;wBAEtC,+CAA+C;wBAC/C,IAAI,CAAC,KAAK,CAAC,2BAAoB,GAAG,6BAA0B,CAAC,CAAC;wBAC/C,qBAAM,IAAI,CAAC,YAAY,CAAC,GAAG,CAAC,EAAA;;wBAArC,MAAM,GAAG,SAA4B;wBAC3C,IAAI,MAAM,EAAE;4BACX,IAAI,CAAC,KAAK,CAAC,eAAQ,GAAG,+CAAqC,MAAM,CAAC,YAAY,CAAC,KAAK,MAAG,CAAC,CAAC;4BACzF,sBAAO,IAAI,gBAAM,CAAC,IAAI,CAAC,YAAY,EAAE,EAAE,GAAG,KAAA,EAAE,KAAK,EAAE,MAAM,CAAC,YAAY,CAAC,KAAK,EAAE,CAAC,EAAC;yBAChF;6BACI;4BAAE,IAAI,CAAC,KAAK,CAAC,eAAQ,GAAG,oCAAiC,CAAC,CAAC;yBAAE;wBAClE,sBAAO,SAAS,EAAC;;;wBAGjB,IAAI,CAAC,IAAI,CAAC,iBAAU,OAAK,oDAA0C,GAAG,MAAG,CAAC,CAAC;wBAC3E,sBAAO,SAAS,EAAC;;;;;KAElB;IAED;;;;;OAKG;IACW,mCAAkB,GAAhC,UAAiC,GAAW;;;;;;;wBAE1C,wDAAwD;wBACxD,IAAI,CAAC,KAAK,CAAC,2BAAoB,GAAG,sCAAmC,CAAC,CAAC;wBAClD,qBAAM,IAAI,CAAC,GAAG,CAAC,EAAA;;wBAA9B,YAAY,GAAG,SAAe;wBACpC,IAAI,YAAY,EAAE;4BACjB,IAAI,CAAC,KAAK,CAAC,eAAQ,GAAG,kDAAwC,YAAY,CAAC,KAAK,MAAG,CAAC,CAAC;4BACrF,sBAAO,IAAI,oBAAU,CAAC,IAAI,CAAC,YAAY,EAAE,EAAE,GAAG,KAAA,EAAE,CAAC,EAAC;yBAClD;6BACI;4BAAE,IAAI,CAAC,KAAK,CAAC,eAAQ,GAAG,uCAAoC,CAAC,CAAC;yBAAE;wBACrE,sBAAO,SAAS,EAAC;;;wBAGjB,IAAI,CAAC,IAAI,CAAC,iBAAU,OAAK,wDAA8C,GAAG,MAAG,CAAC,CAAC;wBAC/E,sBAAO,SAAS,EAAC;;;;;KAElB;IAED;;;;;;;OAOG;IACK,gCAAe,GAAvB,UAAwB,aAA4B,EAAE,IAAa;QAClE,IAAI,CAAC,IAAI,EAAE;YAAE,IAAI,GAAG,CAAC,CAAC;SAAE;QAExB,uCAAuC;QACvC,IAAM,OAAO,GAAG,IAAI,CAAC,IAAI,CAAC,aAAa,CAAC,KAAK,CAAC,MAAM,GAAG,cAAc,CAAC,CAAC;QACvE,IAAI,IAAI,GAAG,OAAO,EAAE;YAAE,IAAI,GAAG,OAAO,CAAC;SAAE;QACvC,IAAI,IAAI,GAAG,CAAC,EAAE;YAAE,IAAI,GAAG,CAAC,CAAC;SAAE;QAE3B,sCAAsC;QACtC,IAAM,UAAU,GAAG,CAAC,IAAI,GAAG,CAAC,CAAC,GAAG,cAAc,CAAC;QAE/C,IAAM,OAAO,GAAG,IAAI,oBAAO,CAAC,gBAAgB,EAAE,CAAC;QAC/C,IAAI,WAAW,GAAG,EAAE,CAAC;QACrB,KAAK,IAAI,CAAC,GAAG,CAAC,EAAE,CAAC,GAAG,cAAc,EAAE,CAAC,EAAE,EAAE;YACxC,IAAM,GAAG,GAAG,UAAU,GAAG,CAAC,CAAC;YAE3B,oFAAoF;YACpF,IAAI,GAAG,KAAK,aAAa,CAAC,OAAO,CAAC,OAAO,CAAC,GAAG,EAAE;gBAC9C,WAAW,IAAI,wCAAwC,CAAC;gBACxD,IAAI,aAAa,CAAC,OAAO,CAAC,OAAO,CAAC,KAAK,KAAK,CAAC,EAAE;oBAAE,WAAW,IAAI,oBAAoB,CAAC;iBAAE;aACvF;YACD,IAAI,GAAG,KAAK,aAAa,CAAC,OAAO,CAAC,OAAO,CAAC,GAAG,EAAE;gBAC9C,WAAW,IAAI,mCAAmC,CAAC;gBACnD,IAAI,aAAa,CAAC,OAAO,CAAC,OAAO,CAAC,KAAK,KAAK,CAAC,EAAE;oBAAE,WAAW,IAAI,oBAAoB,CAAC;iBAAE;aACvF;YACD,IAAI,GAAG,KAAK,aAAa,CAAC,OAAO,CAAC,QAAQ,CAAC,GAAG,EAAE;gBAC/C,WAAW,IAAI,oCAAoC,CAAC;gBACpD,IAAI,aAAa,CAAC,OAAO,CAAC,QAAQ,CAAC,KAAK,KAAK,CAAC,EAAE;oBAAE,WAAW,IAAI,oBAAoB,CAAC;iBAAE;aACxF;YAED,iCAAiC;YACjC,IAAI,GAAG,GAAG,aAAa,CAAC,KAAK,CAAC,MAAM,EAAE;gBACrC,eAAe;gBACf,WAAW,IAAI,CAAC,CAAC,GAAG,CAAC,CAAC,CAAC,QAAQ,EAAE,GAAG,IAAI,CAAC;gBAEzC,IAAM,IAAI,GAAG,aAAa,CAAC,KAAK,CAAC,GAAG,CAAC,CAAC;gBAEtC,4BAA4B;gBAC5B,IAAI,SAAS,GAAG,IAAI,CAAC,KAAK,CAAC;gBAC3B,IAAI,IAAI,CAAC,KAAK,CAAC,MAAM,GAAG,oBAAoB,EAAE;oBAC7C,SAAS,GAAG,IAAI,CAAC,KAAK,CAAC,KAAK,CAAC,CAAC,EAAE,oBAAoB,GAAG,CAAC,CAAC,GAAG,KAAK,CAAC;iBAClE;gBACD,WAAW,IAAI,YAAK,IAAI,CAAC,EAAE,CAAC,YAAY,CAAC,SAAS,CAAC,SAAM,CAAC;gBAE1D,QAAQ,IAAI,CAAC,IAAI,EAAE;oBAClB,KAAK,CAAC,IAAI,CAAC,CAAC,CAAC;wBACZ,WAAW,IAAI,iBAAU,IAAI,CAAC,GAAG,SAAM,CAAC;wBACxC,WAAW,IAAI,yBAAkB,IAAI,CAAC,EAAE,CAAC,YAAY,CAAC,IAAI,CAAC,MAAM,CAAC,SAAM,CAAC;wBACzE,WAAW,IAAI,sBAAe,IAAI,CAAC,cAAc,SAAM,CAAC;wBACxD,MAAM;qBACN;oBACD,KAAK,CAAC,IAAI,CAAC,CAAC,CAAC;wBACZ,IAAI,MAAM,GAAG,IAAI,CAAC,MAAM,CAAC;wBACzB,IAAI,IAAI,CAAC,MAAM,CAAC,MAAM,GAAG,oBAAoB,EAAE;4BAC9C,MAAM,GAAG,IAAI,CAAC,MAAM,CAAC,KAAK,CAAC,CAAC,EAAE,oBAAoB,GAAG,CAAC,CAAC,GAAG,KAAK,CAAC;yBAChE;wBACD,WAAW,IAAI,iBAAU,IAAI,CAAC,GAAG,SAAM,CAAC;wBACxC,WAAW,IAAI,oBAAa,IAAI,CAAC,EAAE,CAAC,YAAY,CAAC,MAAM,CAAC,SAAM,CAAC;wBAC/D,WAAW,IAAI,sBAAe,IAAI,CAAC,cAAc,SAAM,CAAC;wBACxD,MAAM;qBACN;iBACD;gBACD,WAAW,IAAI,IAAI,CAAC;gBAEpB,OAAO,CAAC,aAAa;gBACpB,uBAAuB;gBACvB,IAAI,oBAAO,CAAC,aAAa,EAAE;qBACzB,QAAQ,CAAC,CAAC,CAAC,GAAG,CAAC,CAAC,CAAC,QAAQ,EAAE,CAAC;qBAC5B,WAAW,CAAC,IAAI,CAAC,SAAS,CAAC,EAAE,IAAI,EAAE,QAAQ,EAAE,KAAK,EAAE,GAAG,CAAC,QAAQ,EAAE,EAAE,CAAC,CAAC;qBACtE,QAAQ,CAAC,WAAW,CAAC;qBACrB,WAAW,CAAC,KAAK,CAAC,CACpB,CAAC;aACF;iBACI;gBACJ,OAAO,CAAC,aAAa;gBACpB,uBAAuB;gBACvB,IAAI,oBAAO,CAAC,aAAa,EAAE;qBACzB,QAAQ,CAAC,CAAC,CAAC,GAAG,CAAC,CAAC,CAAC,QAAQ,EAAE,CAAC;qBAC5B,WAAW,CAAC,IAAI,CAAC,SAAS,CAAC,EAAE,IAAI,EAAE,QAAQ,EAAE,KAAK,EAAE,GAAG,CAAC,QAAQ,EAAE,EAAE,CAAC,CAAC;qBACtE,QAAQ,CAAC,WAAW,CAAC;qBACrB,WAAW,CAAC,IAAI,CAAC,CACnB,CAAC;aACF;SACD;QAED,IAAM,QAAQ,GAAG,IAAI,oBAAO,CAAC,YAAY,EAAE;aACzC,QAAQ,CAAC,SAAI,CAAC;aACd,QAAQ,CAAC,8BAAuB,IAAI,CAAC,EAAE,CAAC,YAAY,CAAC,aAAa,CAAC,YAAY,CAAC,KAAK,CAAC,CAAC,EAAE,EAAE,CAAC,CAAC,CAAE,CAAC;aAChG,cAAc,CAAC,WAAW,CAAC;aAC3B,SAAS,CAAC,EAAE,IAAI,EAAE,eAAQ,IAAI,iBAAO,OAAO,CAAE,EAAE,CAAC,CAAC;QAEpD,IAAM,UAAU,GAAG,IAAI,oBAAO,CAAC,gBAAgB,EAAE;aAC/C,aAAa;QACb,eAAe;QACf,IAAI,oBAAO,CAAC,aAAa,EAAE;aACzB,QAAQ,CAAC,MAAM,CAAC;aAChB,WAAW,CAAC,IAAI,CAAC,SAAS,CAAC,EAAE,IAAI,EAAE,OAAO,EAAE,OAAO,EAAE,CAAC,EAAE,CAAC,CAAC;aAC1D,QAAQ,CAAC,SAAS,CAAC,CACrB;aACA,aAAa;QACb,mBAAmB;QACnB,IAAI,oBAAO,CAAC,aAAa,EAAE;aACzB,QAAQ,CAAC,GAAG,CAAC;aACb,WAAW,CAAC,IAAI,CAAC,SAAS,CAAC,EAAE,IAAI,EAAE,MAAM,EAAE,OAAO,EAAE,IAAI,GAAG,CAAC,EAAE,OAAO,EAAE,CAAC,EAAE,CAAC,CAAC;aAC5E,QAAQ,CAAC,SAAS,CAAC;aACnB,WAAW,CAAC,IAAI,KAAK,CAAC,CAAC,CACzB;aACA,aAAa;QACb,mBAAmB;QACnB,IAAI,oBAAO,CAAC,aAAa,EAAE;aACzB,QAAQ,CAAC,GAAG,CAAC;aACb,WAAW,CAAC,IAAI,CAAC,SAAS,CAAC,EAAE,IAAI,EAAE,MAAM,EAAE,OAAO,EAAE,IAAI,GAAG,CAAC,EAAE,OAAO,EAAE,CAAC,EAAE,CAAC,CAAC;aAC5E,QAAQ,CAAC,SAAS,CAAC;aACnB,WAAW,CAAC,IAAI,KAAK,OAAO,CAAC,CAC/B;aACA,aAAa;QACb,iCAAiC;QACjC,IAAI,oBAAO,CAAC,aAAa,EAAE;aACzB,QAAQ,CAAC,oBAAoB,CAAC;aAC9B,WAAW,CAAC,IAAI,CAAC,SAAS,CAAC,EAAE,IAAI,EAAE,MAAM,EAAE,OAAO,EAAE,IAAI,CAAC,KAAK,CAAC,aAAa,CAAC,OAAO,CAAC,QAAQ,CAAC,GAAG,GAAG,cAAc,CAAC,GAAG,CAAC,EAAE,OAAO,EAAE,CAAC,EAAE,CAAC,CAAC;aACvI,QAAQ,CAAC,SAAS,CAAC;aACnB,WAAW,CAAC,IAAI,KAAK,IAAI,CAAC,KAAK,CAAC,aAAa,CAAC,OAAO,CAAC,QAAQ,CAAC,GAAG,GAAG,cAAc,CAAC,GAAG,CAAC,CAAC,CAC3F,CAAC;QAEH,OAAO,EAAE,MAAM,EAAE,CAAC,QAAQ,CAAC,EAAE,UAAU,EAAE,CAAC,OAAO,EAAE,UAAU,CAAC,EAAE,CAAC;IAClE,CAAC;IAED;;;;;OAKG;IACG,uBAAM,GAAZ,UAAa,YAAoB;;;;;;;;wBAE/B,IAAI,CAAC,KAAK,CAAC,mDAA4C,YAAY,MAAG,CAAC,CAAC;wBACxE,IAAI,IAAI,CAAC,MAAM,EAAE;4BAChB,IAAI,CAAC,KAAK,CAAC,6CAA6C,CAAC,CAAC;4BAC1D,IAAI,CAAC,EAAE,CAAC,SAAS,CAAC,IAAI,CAAC,IAAI,CAAC,aAAa,CAAC,SAAS,EAAE,IAAI,CAAC,MAAM,CAAC,CAAC;4BAClE,IAAI,CAAC,MAAM,GAAG,SAAS,CAAC;yBACxB;wBAEK,kBAAkB,GAAG,UAAO,WAA4B;;;;;;wCAE5D,IAAI,CAAC,KAAK,CAAC,iEAA0D,WAAW,CAAC,eAAe,8BAAoB,WAAW,CAAC,QAAQ,MAAG,CAAC,CAAC;wCACvI,QAAQ,GAAG,IAAI,CAAC,KAAK,CAAC,WAAW,CAAC,QAAQ,CAAC,CAAC;wCAE1C,KAAA,QAAQ,CAAC,IAAI,CAAA;;iDACf,CAAC,MAAM,CAAC,CAAC,CAAT,wBAAQ;iDAKR,CAAC,OAAO,CAAC,CAAC,CAAV,wBAAS;iDAKT,CAAC,QAAQ,CAAC,CAAC,CAAX,wBAAU;;;;wCATd,IAAI,CAAC,KAAK,CAAC,uDAA8C,QAAQ,CAAC,OAAO,MAAG,CAAC,CAAC;wCAC9E,qBAAM,IAAI,CAAC,EAAE,CAAC,SAAS,CAAC,WAAW,CAAC,eAAe,EAAE,WAAW,CAAC,eAAe,EAAE,IAAI,CAAC,eAAe,CAAC,eAAa,EAAE,QAAQ,CAAC,OAAO,CAAC,CAAC,EAAA;;wCAAxI,SAAwI,CAAC;wCACzI,wBAAM;;wCAGN,IAAI,CAAC,KAAK,CAAC,gDAAgD,CAAC,CAAC;wCAC7D,qBAAM,IAAI,CAAC,EAAE,CAAC,SAAS,CAAC,WAAW,CAAC,eAAe,EAAE,WAAW,CAAC,eAAe,CAAC,EAAA;;wCAAjF,SAAiF,CAAC;wCAClF,wBAAM;;wCAGN,IAAI,CAAC,KAAK,CAAC,4DAAmD,QAAQ,CAAC,KAAK,MAAG,CAAC,CAAC;wCAE3E,IAAI,GAAG,eAAa,CAAC,KAAK,CAAC,QAAQ,CAAC,KAAK,CAAC,CAAC;wCACjD,IAAI,CAAC,KAAK,GAAG,WAAW,CAAC,QAAQ,CAAC;wCAClC,IAAI,CAAC,KAAK,CAAC,iCAA0B,IAAI,CAAC,GAAG,kCAAwB,WAAW,CAAC,QAAQ,MAAG,CAAC,CAAC;wCAE9F,IAAI,CAAC,KAAK,CAAC,gCAAyB,IAAI,CAAC,GAAG,mBAAgB,CAAC,CAAC;wCAC9D,IAAI,CAAC,KAAK,CAAC,QAAQ,CAAC,CAAC,eAAa,CAAC,KAAK,CAAC,QAAQ,CAAC,KAAK,CAAC,CAAC,CAAC,CAAC;6CAGvD,CAAC,IAAI,CAAC,QAAQ,CAAC,SAAS,EAAxB,wBAAwB;wCAC3B,IAAI,CAAC,IAAI,CAAC,+BAA+B,CAAC,CAAC;wCAC5B,qBAAM,IAAI,CAAC,QAAQ,CAAC,IAAI,CAAC,WAAW,CAAC,QAAQ,CAAC,EAAA;;wCAAvD,MAAM,GAAG,SAA8C;wCAC7D,qCAAqC;wCACrC,IAAI,CAAC,MAAM,EAAE;4CAAE,IAAI,CAAC,IAAI,CAAC,kDAAkD,CAAC,CAAC;yCAAE;wCAC/E,wBAAM;;wCAGP,oDAAoD;wCACpD,IAAI,CAAC,IAAI,CAAC,QAAQ,CAAC,OAAO,EAAE;4CAC3B,IAAI,CAAC,IAAI,CAAC,0DAA0D,CAAC,CAAC;4CACtE,IAAI,CAAC,KAAK,CAAC,QAAQ,EAAE,CAAC;yCACtB;wCACD,wBAAM;;wCAEE;4CACR,IAAI,CAAC,IAAI,CAAC,qCAA8B,WAAW,CAAC,QAAQ,qCAAkC,CAAC,CAAC;4CAChG,sBAAO,KAAK,EAAC;yCACb;;4CAEF,sBAAO,IAAI,EAAC;;;wCAGZ,IAAI,CAAC,IAAI,CAAC,kBAAW,OAAK,4CAAkC,IAAI,CAAC,SAAS,CAAC,WAAW,CAAC,MAAG,CAAC,CAAC;wCAC5F,sBAAO,KAAK,EAAC;;;;6BAEd,CAAC;wBAEI,MAAM,GAAG,IAAI,oBAAO,CAAC,gBAAgB,EAAE;6BAC3C,aAAa,CACb,IAAI,oBAAO,CAAC,aAAa,EAAE;6BACzB,QAAQ,CAAC,QAAQ,CAAC;6BAClB,WAAW,CAAC,IAAI,CAAC,SAAS,CAAC,EAAE,IAAI,EAAE,OAAO,EAAE,OAAO,EAAE,CAAC,EAAE,CAAC,CAAC;6BAC1D,QAAQ,CAAC,QAAQ,CAAC,CACpB,CAAC;wBACG,UAAU,GAAG,IAAI,oBAAO,CAAC,YAAY,EAAE,CAAC,QAAQ,CAAC,cAAc,CAAC,CAAC;wBACvE,KAAA,IAAI,CAAA;wBAAU,qBAAM,IAAI,CAAC,EAAE,CAAC,SAAS,CAAC,EAAE,MAAM,EAAE,CAAC,UAAU,CAAC,EAAE,UAAU,EAAE,CAAC,MAAM,CAAC,EAAE,EAAE,KAAM,EAAE,kBAAkB,CAAC,EAAA;;wBAAjH,GAAK,MAAM,GAAG,SAAmG,CAAC;wBAE1F,qBAAM,IAAI,CAAC,cAAc,CAAC,YAAY,CAAC,EAAA;;wBAAzD,eAAe,GAAG,SAAuC;wBAC/D,IAAI,eAAe,EAAE;4BACpB,IAAI,CAAC,KAAK,CAAC,QAAQ,CAAC,CAAC,eAAe,CAAC,CAAC,CAAC;4BACvC,oDAAoD;4BACpD,IAAI,CAAC,IAAI,CAAC,QAAQ,CAAC,OAAO,EAAE;gCAAE,IAAI,CAAC,KAAK,CAAC,QAAQ,EAAE,CAAC;6BAAE;4BAEtD,IAAI,CAAC,EAAE,CAAC,SAAS,CAAC,IAAI,CAAC,IAAI,CAAC,aAAa,CAAC,SAAS,EAAE,IAAI,CAAC,MAAM,CAAC,CAAC;4BAClE,IAAI,CAAC,EAAE,CAAC,QAAQ,EAAE,CAAC;4BACnB,sBAAO;yBACP;wBAC+B,qBAAM,IAAI,CAAC,kBAAkB,CAAC,YAAY,CAAC,EAAA;;wBAArE,uBAAuB,GAAG,SAA2C;6BACvE,uBAAuB,EAAvB,wBAAuB;wBAC1B,qBAAM,uBAAuB,CAAC,SAAS,EAAE,EAAA;;wBAAzC,SAAyC,CAAC;wBACpC,KAAK,GAAG,uBAAuB,CAAC,WAAW,EAAE,CAAC;wBACpD,IAAI,CAAC,KAAK,CAAC,QAAQ,CAAC,KAAK,CAAC,CAAC;wBAE3B,oDAAoD;wBACpD,IAAI,CAAC,IAAI,CAAC,QAAQ,CAAC,OAAO,EAAE;4BAAE,IAAI,CAAC,KAAK,CAAC,QAAQ,EAAE,CAAC;yBAAE;wBAEtD,IAAI,CAAC,EAAE,CAAC,SAAS,CAAC,IAAI,CAAC,IAAI,CAAC,aAAa,CAAC,SAAS,EAAE,IAAI,CAAC,MAAM,CAAC,CAAC;wBAClE,IAAI,CAAC,EAAE,CAAC,QAAQ,EAAE,CAAC;wBACnB,sBAAO;4BAEc,qBAAM,IAAI,CAAC,YAAY,CAAC,YAAY,CAAC,EAAA;;wBAArD,kBAAgB,SAAqC;wBAE3D,IAAI,eAAa,EAAE;4BAClB,IAAI,CAAC,KAAK,CAAC,0CAA0C,CAAC,CAAC;4BACvD,IAAI,CAAC,EAAE,CAAC,SAAS,CAAC,IAAI,CAAC,IAAI,CAAC,aAAa,CAAC,SAAS,EAAE,IAAI,CAAC,MAAM,EAAE,IAAI,CAAC,eAAe,CAAC,eAAa,CAAC,CAAC,CAAC;yBACvG;6BACI;4BACJ,IAAI,CAAC,KAAK,CAAC,4CAA4C,CAAC,CAAC;4BACnD,UAAQ,IAAI,oBAAO,CAAC,gBAAgB,EAAE;iCAC1C,aAAa,CACb,IAAI,oBAAO,CAAC,aAAa,EAAE;iCACzB,QAAQ,CAAC,OAAO,CAAC;iCACjB,WAAW,CAAC,IAAI,CAAC,SAAS,CAAC,EAAE,IAAI,EAAE,OAAO,EAAE,OAAO,EAAE,CAAC,EAAE,CAAC,CAAC;iCAC1D,QAAQ,CAAC,QAAQ,CAAC,CACpB,CAAC;4BACH,IAAI,CAAC,EAAE,CAAC,SAAS,CAAC,IAAI,CAAC,IAAI,CAAC,aAAa,CAAC,SAAS,EAAE,IAAI,CAAC,MAAM,EAAE;gCACjE,MAAM,EAAE,CAAC,IAAI,oBAAO,CAAC,YAAY,EAAE,CAAC,QAAQ,CAAC,uBAAuB,CAAC,CAAC;gCACtE,UAAU,EAAE,CAAC,OAAK,CAAC;6BACnB,CAAC,CAAC;yBACH;;;;wBAGK,OAAO,GAAG,IAAI,CAAC,EAAE,CAAC,SAAS,CAAC,uDAA+C,YAAY,OAAG,EAAE,IAAI,CAAC,CAAC;wBACxG,IAAI,CAAC,KAAK,CAAC,kBAAW,OAAK,CAAC,OAAO,8DAAoD,YAAY,uBAAa,OAAK,CAAC,KAAK,yBAAe,OAAO,MAAG,CAAC,CAAC;;;;;;KAEvJ;IACF,aAAC;AAAD,CAAC,AA3YD,CAAoC,wBAAc,GA2YjD"},"_coverageSchema":"1a1c01bbd47fc00a2c39e90264f33305004495a9","hash":"96625b96f322394bdba4797fa8373cece9d66a07"}}